#
# A fatal error has been detected by the Java Runtime Environment:
#
#  EXCEPTION_ACCESS_VIOLATION (0xc0000005) at pc=0x00007ffb6c825674, pid=31440, tid=5064
#
# JRE version: Java(TM) SE Runtime Environment (11.0+28) (build 11+28)
# Java VM: Java HotSpot(TM) 64-Bit Server VM (11+28, mixed mode, tiered, compressed oops, g1 gc, windows-amd64)
# Problematic frame:
# V  [jvm.dll+0x225674]
#
# No core dump will be written. Minidumps are not enabled by default on client versions of Windows
#
# If you would like to submit a bug report, please visit:
#   http://bugreport.java.com/bugreport/crash.jsp
#

---------------  S U M M A R Y ------------

Command Line: -Dmaven.multiModuleProjectDirectory=D:\mySSM\spring_mvc_helloworld -Dmaven.home=D:\Download\apache-maven-3.5.2-bin\apache-maven-3.5.2 -Dclassworlds.conf=D:\Download\apache-maven-3.5.2-bin\apache-maven-3.5.2\bin\m2.conf -Dmaven.ext.class.path=D:\Download\IntelliJ IDEA 2020.1\plugins\maven\lib\maven-event-listener.jar -Dfile.encoding=UTF-8 org.codehaus.classworlds.Launcher -Didea.version2020.1 --update-snapshots -s D:\Download\apache-maven-3.5.2-bin\apache-maven-3.5.2\conf\settings.xml -Dmaven.repo.local=D:\Download\apache-maven-3.5.2-bin\maven_repository install

Host: Intel(R) Core(TM) i5-1035G1 CPU @ 1.00GHz, 8 cores, 15G,  Windows 10 , 64 bit Build 19041 (10.0.19041.1706)
Time: Wed May 24 17:49:12 2023 中国标准时间 elapsed time: 10 seconds (0d 0h 0m 10s)

---------------  T H R E A D  ---------------

Current thread (0x000001be6cf3b800):  JavaThread "C2 CompilerThread1" daemon [_thread_in_native, id=5064, stack(0x0000002124100000,0x0000002124200000)]


Current CompileTask:
C2:  10908 3589   !   4       java.util.concurrent.ConcurrentHashMap::replaceNode (437 bytes)

Stack: [0x0000002124100000,0x0000002124200000],  sp=0x00000021241fb5c0,  free space=1005k
Native frames: (J=compiled Java code, j=interpreted, Vv=VM code, C=native code)
V  [jvm.dll+0x225674]
V  [jvm.dll+0x21dc43]
V  [jvm.dll+0x21b866]
V  [jvm.dll+0x198390]
V  [jvm.dll+0x22a99f]
V  [jvm.dll+0x228fb8]
V  [jvm.dll+0x73f04d]
V  [jvm.dll+0x63b2c2]
C  [ucrtbase.dll+0x21bb2]
C  [KERNEL32.DLL+0x17034]
C  [ntdll.dll+0x52651]


siginfo: EXCEPTION_ACCESS_VIOLATION (0xc0000005), reading address 0x0000037cdb318770


Register to memory mapping:

RIP=0x00007ffb6c825674 jvm.dll
RAX=0x0000000000000004 is an unknown value
RBX=0x000001be6e4b43e8 points into unknown readable memory
RCX=0x00000000000002d8 is an unknown value
RDX=0x000001be6ce64388 points into unknown readable memory
RSP=0x00000021241fb5c0 is pointing into the stack for thread: 0x000001be6cf3b800
RBP=0x00000021241fb609 is pointing into the stack for thread: 0x000001be6cf3b800
RSI=0x000001be6ce64388 points into unknown readable memory
RDI=0x00000000000002dc is an unknown value
R8 =0x0000000000000100 is an unknown value
R9 =0x0 is NULL
R10=0x00000000000003b9 is an unknown value
R11=0x000001be6ce65480 points into unknown readable memory
R12=0x00000000000002d8 is an unknown value
R13=0x00000021241fb830 is pointing into the stack for thread: 0x000001be6cf3b800
R14=0x000001be6e4b43b8 points into unknown readable memory
R15=0x0000000000000003 is an unknown value


Registers:
RAX=0x0000000000000004, RBX=0x000001be6e4b43e8, RCX=0x00000000000002d8, RDX=0x000001be6ce64388
RSP=0x00000021241fb5c0, RBP=0x00000021241fb609, RSI=0x000001be6ce64388, RDI=0x00000000000002dc
R8 =0x0000000000000100, R9 =0x0000000000000000, R10=0x00000000000003b9, R11=0x000001be6ce65480
R12=0x00000000000002d8, R13=0x00000021241fb830, R14=0x000001be6e4b43b8, R15=0x0000000000000003
RIP=0x00007ffb6c825674, EFLAGS=0x0000000000010206

Top of Stack: (sp=0x00000021241fb5c0)
0x00000021241fb5c0:   000001be6e4b3068 00000021241fb609
0x00000021241fb5d0:   0000000000000008 000001be6bfbc570
0x00000021241fb5e0:   000001be6bc76ba0 0000002100000400
0x00000021241fb5f0:   000001be6ce64480 00007ffb000002dd
0x00000021241fb600:   00007ffb6cedcce0 000001be6bc76ba0
0x00000021241fb610:   000001be00000040 000001be6ce64380
0x00000021241fb620:   0000000000000000 00000002fd4ff5f6
0x00000021241fb630:   0000000000000008 0000000000000000
0x00000021241fb640:   00007ffb6ce56908 00007ffb6ce7be98
0x00000021241fb650:   000001be6b79c4e0 0000000000000001
0x00000021241fb660:   00000021241fb770 00007ffb6c81dc43
0x00000021241fb670:   00000021241fe3b0 00000021241fb770
0x00000021241fb680:   0000000000000001 0000000000000000
0x00000021241fb690:   0000000000000000 00007ffb6c6dccdd
0x00000021241fb6a0:   00000021241fb7f0 00000021241fb8d0
0x00000021241fb6b0:   0000000000000c04 0000000000000000 

Instructions: (pc=0x00007ffb6c825674)
0x00007ffb6c825654:   41 8b 46 1c 85 c0 0f 84 9b 00 00 00 49 8b f7 44
0x00007ffb6c825664:   8b f8 66 66 0f 1f 84 00 00 00 00 00 49 8b 5e 08
0x00007ffb6c825674:   48 8b 1c 1e 48 85 db 74 6d f6 c3 01 75 68 48 83
0x00007ffb6c825684:   3b fe 74 62 8b 4b 28 8b c1 c1 e8 05 3b 45 07 72 



---------------  P R O C E S S  ---------------

Threads class SMR info:
_java_thread_list=0x000001be6b79fc80, length=11, elements={
0x000001be45bb6800, 0x000001be69e84800, 0x000001be6a73f800, 0x000001be6a79e800,
0x000001be6a79f800, 0x000001be6a7a3000, 0x000001be6a7ab800, 0x000001be6a7ad000,
0x000001be6a94a800, 0x000001be6a93b800, 0x000001be6cf3b800
}

Java Threads: ( => current thread )
  0x000001be45bb6800 JavaThread "main" [_thread_in_native, id=41880, stack(0x0000002123000000,0x0000002123100000)]
  0x000001be69e84800 JavaThread "Reference Handler" daemon [_thread_blocked, id=36248, stack(0x0000002123700000,0x0000002123800000)]
  0x000001be6a73f800 JavaThread "Finalizer" daemon [_thread_blocked, id=23756, stack(0x0000002123800000,0x0000002123900000)]
  0x000001be6a79e800 JavaThread "Signal Dispatcher" daemon [_thread_blocked, id=31364, stack(0x0000002123900000,0x0000002123a00000)]
  0x000001be6a79f800 JavaThread "Attach Listener" daemon [_thread_blocked, id=17488, stack(0x0000002123a00000,0x0000002123b00000)]
  0x000001be6a7a3000 JavaThread "C2 CompilerThread0" daemon [_thread_in_native, id=34632, stack(0x0000002123b00000,0x0000002123c00000)]
  0x000001be6a7ab800 JavaThread "C1 CompilerThread0" daemon [_thread_blocked, id=11776, stack(0x0000002123c00000,0x0000002123d00000)]
  0x000001be6a7ad000 JavaThread "Sweeper thread" daemon [_thread_blocked, id=34964, stack(0x0000002123d00000,0x0000002123e00000)]
  0x000001be6a94a800 JavaThread "Service Thread" daemon [_thread_blocked, id=26696, stack(0x0000002123e00000,0x0000002123f00000)]
  0x000001be6a93b800 JavaThread "Common-Cleaner" daemon [_thread_blocked, id=35648, stack(0x0000002124000000,0x0000002124100000)]
=>0x000001be6cf3b800 JavaThread "C2 CompilerThread1" daemon [_thread_in_native, id=5064, stack(0x0000002124100000,0x0000002124200000)]

Other Threads:
  0x000001be69e81800 VMThread "VM Thread" [stack: 0x0000002123600000,0x0000002123700000] [id=32380]
  0x000001be6a94d000 WatcherThread [stack: 0x0000002123f00000,0x0000002124000000] [id=36236]
  0x000001be45bcc800 GCTaskThread "GC Thread#0" [stack: 0x0000002123100000,0x0000002123200000] [id=26164]
  0x000001be6aee4800 GCTaskThread "GC Thread#1" [stack: 0x0000002124300000,0x0000002124400000] [id=1120]
  0x000001be6b87d800 GCTaskThread "GC Thread#2" [stack: 0x0000002124400000,0x0000002124500000] [id=24664]
  0x000001be6b879000 GCTaskThread "GC Thread#3" [stack: 0x0000002124500000,0x0000002124600000] [id=13864]
  0x000001be6b87a800 GCTaskThread "GC Thread#4" [stack: 0x0000002124600000,0x0000002124700000] [id=39084]
  0x000001be6b877800 GCTaskThread "GC Thread#5" [stack: 0x0000002124700000,0x0000002124800000] [id=39596]
  0x000001be45c2d800 ConcurrentGCThread "G1 Main Marker" [stack: 0x0000002123200000,0x0000002123300000] [id=26516]
  0x000001be45c2e800 ConcurrentGCThread "G1 Conc#0" [stack: 0x0000002123300000,0x0000002123400000] [id=40364]
  0x000001be6b87a000 ConcurrentGCThread "G1 Conc#1" [stack: 0x0000002124800000,0x0000002124900000] [id=22304]
  0x000001be69d5b800 ConcurrentGCThread "G1 Refine#0" [stack: 0x0000002123400000,0x0000002123500000] [id=24264]
  0x000001be69d5c000 ConcurrentGCThread "G1 Young RemSet Sampling" [stack: 0x0000002123500000,0x0000002123600000] [id=25560]

Threads with active compile tasks:
C2 CompilerThread03628       4       java.io.InputStreamReader::read (11 bytes)
C2 CompilerThread13589   !   4       java.util.concurrent.ConcurrentHashMap::replaceNode (437 bytes)

VM state:not at safepoint (normal execution)

VM Mutex/Monitor currently owned by a thread: None

Heap address: 0x0000000703800000, size: 4040 MB, Compressed Oops mode: Zero based, Oop shift amount: 3
Narrow klass base: 0x0000000800000000, Narrow klass shift: 0
Compressed class space size: 1073741824 Address: 0x0000000800000000

Heap:
 garbage-first heap   total 260096K, used 60649K [0x0000000703800000, 0x0000000800000000)
  region size 1024K, 60 young (61440K), 7 survivors (7168K)
 Metaspace       used 22654K, capacity 23214K, committed 23472K, reserved 1071104K
  class space    used 2374K, capacity 2523K, committed 2560K, reserved 1048576K
Heap Regions: E=young(eden), S=young(survivor), O=old, HS=humongous(starts), HC=humongous(continues), CS=collection set, F=free, A=archive, TAMS=top-at-mark-start (previous, next)
|   0|0x0000000703800000, 0x00000007038a3000, 0x0000000703900000| 63%| O|  |TAMS 0x00000007038a3000, 0x0000000703800000| Untracked 
|   1|0x0000000703900000, 0x0000000703900000, 0x0000000703a00000|  0%| F|  |TAMS 0x0000000703900000, 0x0000000703900000| Untracked 
|   2|0x0000000703a00000, 0x0000000703a00000, 0x0000000703b00000|  0%| F|  |TAMS 0x0000000703a00000, 0x0000000703a00000| Untracked 
|   3|0x0000000703b00000, 0x0000000703b00000, 0x0000000703c00000|  0%| F|  |TAMS 0x0000000703b00000, 0x0000000703b00000| Untracked 
|   4|0x0000000703c00000, 0x0000000703c00000, 0x0000000703d00000|  0%| F|  |TAMS 0x0000000703c00000, 0x0000000703c00000| Untracked 
|   5|0x0000000703d00000, 0x0000000703d00000, 0x0000000703e00000|  0%| F|  |TAMS 0x0000000703d00000, 0x0000000703d00000| Untracked 
|   6|0x0000000703e00000, 0x0000000703e00000, 0x0000000703f00000|  0%| F|  |TAMS 0x0000000703e00000, 0x0000000703e00000| Untracked 
|   7|0x0000000703f00000, 0x0000000703f00000, 0x0000000704000000|  0%| F|  |TAMS 0x0000000703f00000, 0x0000000703f00000| Untracked 
|   8|0x0000000704000000, 0x0000000704000000, 0x0000000704100000|  0%| F|  |TAMS 0x0000000704000000, 0x0000000704000000| Untracked 
|   9|0x0000000704100000, 0x0000000704100000, 0x0000000704200000|  0%| F|  |TAMS 0x0000000704100000, 0x0000000704100000| Untracked 
|  10|0x0000000704200000, 0x0000000704200000, 0x0000000704300000|  0%| F|  |TAMS 0x0000000704200000, 0x0000000704200000| Untracked 
|  11|0x0000000704300000, 0x0000000704300000, 0x0000000704400000|  0%| F|  |TAMS 0x0000000704300000, 0x0000000704300000| Untracked 
|  12|0x0000000704400000, 0x0000000704400000, 0x0000000704500000|  0%| F|  |TAMS 0x0000000704400000, 0x0000000704400000| Untracked 
|  13|0x0000000704500000, 0x0000000704500000, 0x0000000704600000|  0%| F|  |TAMS 0x0000000704500000, 0x0000000704500000| Untracked 
|  14|0x0000000704600000, 0x0000000704600000, 0x0000000704700000|  0%| F|  |TAMS 0x0000000704600000, 0x0000000704600000| Untracked 
|  15|0x0000000704700000, 0x0000000704700000, 0x0000000704800000|  0%| F|  |TAMS 0x0000000704700000, 0x0000000704700000| Untracked 
|  16|0x0000000704800000, 0x0000000704800000, 0x0000000704900000|  0%| F|  |TAMS 0x0000000704800000, 0x0000000704800000| Untracked 
|  17|0x0000000704900000, 0x0000000704900000, 0x0000000704a00000|  0%| F|  |TAMS 0x0000000704900000, 0x0000000704900000| Untracked 
|  18|0x0000000704a00000, 0x0000000704a00000, 0x0000000704b00000|  0%| F|  |TAMS 0x0000000704a00000, 0x0000000704a00000| Untracked 
|  19|0x0000000704b00000, 0x0000000704b00000, 0x0000000704c00000|  0%| F|  |TAMS 0x0000000704b00000, 0x0000000704b00000| Untracked 
|  20|0x0000000704c00000, 0x0000000704c00000, 0x0000000704d00000|  0%| F|  |TAMS 0x0000000704c00000, 0x0000000704c00000| Untracked 
|  21|0x0000000704d00000, 0x0000000704d00000, 0x0000000704e00000|  0%| F|  |TAMS 0x0000000704d00000, 0x0000000704d00000| Untracked 
|  22|0x0000000704e00000, 0x0000000704e00000, 0x0000000704f00000|  0%| F|  |TAMS 0x0000000704e00000, 0x0000000704e00000| Untracked 
|  23|0x0000000704f00000, 0x0000000704f00000, 0x0000000705000000|  0%| F|  |TAMS 0x0000000704f00000, 0x0000000704f00000| Untracked 
|  24|0x0000000705000000, 0x0000000705000000, 0x0000000705100000|  0%| F|  |TAMS 0x0000000705000000, 0x0000000705000000| Untracked 
|  25|0x0000000705100000, 0x0000000705100000, 0x0000000705200000|  0%| F|  |TAMS 0x0000000705100000, 0x0000000705100000| Untracked 
|  26|0x0000000705200000, 0x0000000705200000, 0x0000000705300000|  0%| F|  |TAMS 0x0000000705200000, 0x0000000705200000| Untracked 
|  27|0x0000000705300000, 0x0000000705300000, 0x0000000705400000|  0%| F|  |TAMS 0x0000000705300000, 0x0000000705300000| Untracked 
|  28|0x0000000705400000, 0x0000000705400000, 0x0000000705500000|  0%| F|  |TAMS 0x0000000705400000, 0x0000000705400000| Untracked 
|  29|0x0000000705500000, 0x0000000705500000, 0x0000000705600000|  0%| F|  |TAMS 0x0000000705500000, 0x0000000705500000| Untracked 
|  30|0x0000000705600000, 0x0000000705600000, 0x0000000705700000|  0%| F|  |TAMS 0x0000000705600000, 0x0000000705600000| Untracked 
|  31|0x0000000705700000, 0x0000000705700000, 0x0000000705800000|  0%| F|  |TAMS 0x0000000705700000, 0x0000000705700000| Untracked 
|  32|0x0000000705800000, 0x0000000705800000, 0x0000000705900000|  0%| F|  |TAMS 0x0000000705800000, 0x0000000705800000| Untracked 
|  33|0x0000000705900000, 0x0000000705900000, 0x0000000705a00000|  0%| F|  |TAMS 0x0000000705900000, 0x0000000705900000| Untracked 
|  34|0x0000000705a00000, 0x0000000705a00000, 0x0000000705b00000|  0%| F|  |TAMS 0x0000000705a00000, 0x0000000705a00000| Untracked 
|  35|0x0000000705b00000, 0x0000000705b00000, 0x0000000705c00000|  0%| F|  |TAMS 0x0000000705b00000, 0x0000000705b00000| Untracked 
|  36|0x0000000705c00000, 0x0000000705c00000, 0x0000000705d00000|  0%| F|  |TAMS 0x0000000705c00000, 0x0000000705c00000| Untracked 
|  37|0x0000000705d00000, 0x0000000705d00000, 0x0000000705e00000|  0%| F|  |TAMS 0x0000000705d00000, 0x0000000705d00000| Untracked 
|  38|0x0000000705e00000, 0x0000000705e00000, 0x0000000705f00000|  0%| F|  |TAMS 0x0000000705e00000, 0x0000000705e00000| Untracked 
|  39|0x0000000705f00000, 0x0000000705f00000, 0x0000000706000000|  0%| F|  |TAMS 0x0000000705f00000, 0x0000000705f00000| Untracked 
|  40|0x0000000706000000, 0x0000000706000000, 0x0000000706100000|  0%| F|  |TAMS 0x0000000706000000, 0x0000000706000000| Untracked 
|  41|0x0000000706100000, 0x0000000706100000, 0x0000000706200000|  0%| F|  |TAMS 0x0000000706100000, 0x0000000706100000| Untracked 
|  42|0x0000000706200000, 0x0000000706200000, 0x0000000706300000|  0%| F|  |TAMS 0x0000000706200000, 0x0000000706200000| Untracked 
|  43|0x0000000706300000, 0x0000000706300000, 0x0000000706400000|  0%| F|  |TAMS 0x0000000706300000, 0x0000000706300000| Untracked 
|  44|0x0000000706400000, 0x0000000706400000, 0x0000000706500000|  0%| F|  |TAMS 0x0000000706400000, 0x0000000706400000| Untracked 
|  45|0x0000000706500000, 0x0000000706500000, 0x0000000706600000|  0%| F|  |TAMS 0x0000000706500000, 0x0000000706500000| Untracked 
|  46|0x0000000706600000, 0x0000000706600000, 0x0000000706700000|  0%| F|  |TAMS 0x0000000706600000, 0x0000000706600000| Untracked 
|  47|0x0000000706700000, 0x0000000706700000, 0x0000000706800000|  0%| F|  |TAMS 0x0000000706700000, 0x0000000706700000| Untracked 
|  48|0x0000000706800000, 0x0000000706800000, 0x0000000706900000|  0%| F|  |TAMS 0x0000000706800000, 0x0000000706800000| Untracked 
|  49|0x0000000706900000, 0x0000000706900000, 0x0000000706a00000|  0%| F|  |TAMS 0x0000000706900000, 0x0000000706900000| Untracked 
|  50|0x0000000706a00000, 0x0000000706a00000, 0x0000000706b00000|  0%| F|  |TAMS 0x0000000706a00000, 0x0000000706a00000| Untracked 
|  51|0x0000000706b00000, 0x0000000706b00000, 0x0000000706c00000|  0%| F|  |TAMS 0x0000000706b00000, 0x0000000706b00000| Untracked 
|  52|0x0000000706c00000, 0x0000000706c00000, 0x0000000706d00000|  0%| F|  |TAMS 0x0000000706c00000, 0x0000000706c00000| Untracked 
|  53|0x0000000706d00000, 0x0000000706d00000, 0x0000000706e00000|  0%| F|  |TAMS 0x0000000706d00000, 0x0000000706d00000| Untracked 
|  54|0x0000000706e00000, 0x0000000706e00000, 0x0000000706f00000|  0%| F|  |TAMS 0x0000000706e00000, 0x0000000706e00000| Untracked 
|  55|0x0000000706f00000, 0x0000000706f00000, 0x0000000707000000|  0%| F|  |TAMS 0x0000000706f00000, 0x0000000706f00000| Untracked 
|  56|0x0000000707000000, 0x0000000707000000, 0x0000000707100000|  0%| F|  |TAMS 0x0000000707000000, 0x0000000707000000| Untracked 
|  57|0x0000000707100000, 0x0000000707100000, 0x0000000707200000|  0%| F|  |TAMS 0x0000000707100000, 0x0000000707100000| Untracked 
|  58|0x0000000707200000, 0x0000000707200000, 0x0000000707300000|  0%| F|  |TAMS 0x0000000707200000, 0x0000000707200000| Untracked 
|  59|0x0000000707300000, 0x0000000707300000, 0x0000000707400000|  0%| F|  |TAMS 0x0000000707300000, 0x0000000707300000| Untracked 
|  60|0x0000000707400000, 0x0000000707400000, 0x0000000707500000|  0%| F|  |TAMS 0x0000000707400000, 0x0000000707400000| Untracked 
|  61|0x0000000707500000, 0x0000000707500000, 0x0000000707600000|  0%| F|  |TAMS 0x0000000707500000, 0x0000000707500000| Untracked 
|  62|0x0000000707600000, 0x0000000707600000, 0x0000000707700000|  0%| F|  |TAMS 0x0000000707600000, 0x0000000707600000| Untracked 
|  63|0x0000000707700000, 0x0000000707700000, 0x0000000707800000|  0%| F|  |TAMS 0x0000000707700000, 0x0000000707700000| Untracked 
|  64|0x0000000707800000, 0x0000000707800000, 0x0000000707900000|  0%| F|  |TAMS 0x0000000707800000, 0x0000000707800000| Untracked 
|  65|0x0000000707900000, 0x0000000707900000, 0x0000000707a00000|  0%| F|  |TAMS 0x0000000707900000, 0x0000000707900000| Untracked 
|  66|0x0000000707a00000, 0x0000000707a00000, 0x0000000707b00000|  0%| F|  |TAMS 0x0000000707a00000, 0x0000000707a00000| Untracked 
|  67|0x0000000707b00000, 0x0000000707b00000, 0x0000000707c00000|  0%| F|  |TAMS 0x0000000707b00000, 0x0000000707b00000| Untracked 
|  68|0x0000000707c00000, 0x0000000707c00000, 0x0000000707d00000|  0%| F|  |TAMS 0x0000000707c00000, 0x0000000707c00000| Untracked 
|  69|0x0000000707d00000, 0x0000000707d00000, 0x0000000707e00000|  0%| F|  |TAMS 0x0000000707d00000, 0x0000000707d00000| Untracked 
|  70|0x0000000707e00000, 0x0000000707e00000, 0x0000000707f00000|  0%| F|  |TAMS 0x0000000707e00000, 0x0000000707e00000| Untracked 
|  71|0x0000000707f00000, 0x0000000707f00000, 0x0000000708000000|  0%| F|  |TAMS 0x0000000707f00000, 0x0000000707f00000| Untracked 
|  72|0x0000000708000000, 0x0000000708000000, 0x0000000708100000|  0%| F|  |TAMS 0x0000000708000000, 0x0000000708000000| Untracked 
|  73|0x0000000708100000, 0x0000000708100000, 0x0000000708200000|  0%| F|  |TAMS 0x0000000708100000, 0x0000000708100000| Untracked 
|  74|0x0000000708200000, 0x0000000708200000, 0x0000000708300000|  0%| F|  |TAMS 0x0000000708200000, 0x0000000708200000| Untracked 
|  75|0x0000000708300000, 0x0000000708300000, 0x0000000708400000|  0%| F|  |TAMS 0x0000000708300000, 0x0000000708300000| Untracked 
|  76|0x0000000708400000, 0x0000000708400000, 0x0000000708500000|  0%| F|  |TAMS 0x0000000708400000, 0x0000000708400000| Untracked 
|  77|0x0000000708500000, 0x0000000708500000, 0x0000000708600000|  0%| F|  |TAMS 0x0000000708500000, 0x0000000708500000| Untracked 
|  78|0x0000000708600000, 0x0000000708600000, 0x0000000708700000|  0%| F|  |TAMS 0x0000000708600000, 0x0000000708600000| Untracked 
|  79|0x0000000708700000, 0x0000000708700000, 0x0000000708800000|  0%| F|  |TAMS 0x0000000708700000, 0x0000000708700000| Untracked 
|  80|0x0000000708800000, 0x0000000708800000, 0x0000000708900000|  0%| F|  |TAMS 0x0000000708800000, 0x0000000708800000| Untracked 
|  81|0x0000000708900000, 0x0000000708900000, 0x0000000708a00000|  0%| F|  |TAMS 0x0000000708900000, 0x0000000708900000| Untracked 
|  82|0x0000000708a00000, 0x0000000708a00000, 0x0000000708b00000|  0%| F|  |TAMS 0x0000000708a00000, 0x0000000708a00000| Untracked 
|  83|0x0000000708b00000, 0x0000000708b00000, 0x0000000708c00000|  0%| F|  |TAMS 0x0000000708b00000, 0x0000000708b00000| Untracked 
|  84|0x0000000708c00000, 0x0000000708c00000, 0x0000000708d00000|  0%| F|  |TAMS 0x0000000708c00000, 0x0000000708c00000| Untracked 
|  85|0x0000000708d00000, 0x0000000708d00000, 0x0000000708e00000|  0%| F|  |TAMS 0x0000000708d00000, 0x0000000708d00000| Untracked 
|  86|0x0000000708e00000, 0x0000000708e00000, 0x0000000708f00000|  0%| F|  |TAMS 0x0000000708e00000, 0x0000000708e00000| Untracked 
|  87|0x0000000708f00000, 0x0000000708f00000, 0x0000000709000000|  0%| F|  |TAMS 0x0000000708f00000, 0x0000000708f00000| Untracked 
|  88|0x0000000709000000, 0x0000000709000000, 0x0000000709100000|  0%| F|  |TAMS 0x0000000709000000, 0x0000000709000000| Untracked 
|  89|0x0000000709100000, 0x0000000709100000, 0x0000000709200000|  0%| F|  |TAMS 0x0000000709100000, 0x0000000709100000| Untracked 
|  90|0x0000000709200000, 0x0000000709200000, 0x0000000709300000|  0%| F|  |TAMS 0x0000000709200000, 0x0000000709200000| Untracked 
|  91|0x0000000709300000, 0x0000000709300000, 0x0000000709400000|  0%| F|  |TAMS 0x0000000709300000, 0x0000000709300000| Untracked 
|  92|0x0000000709400000, 0x0000000709400000, 0x0000000709500000|  0%| F|  |TAMS 0x0000000709400000, 0x0000000709400000| Untracked 
|  93|0x0000000709500000, 0x0000000709500000, 0x0000000709600000|  0%| F|  |TAMS 0x0000000709500000, 0x0000000709500000| Untracked 
|  94|0x0000000709600000, 0x0000000709600000, 0x0000000709700000|  0%| F|  |TAMS 0x0000000709600000, 0x0000000709600000| Untracked 
|  95|0x0000000709700000, 0x0000000709700000, 0x0000000709800000|  0%| F|  |TAMS 0x0000000709700000, 0x0000000709700000| Untracked 
|  96|0x0000000709800000, 0x0000000709800000, 0x0000000709900000|  0%| F|  |TAMS 0x0000000709800000, 0x0000000709800000| Untracked 
|  97|0x0000000709900000, 0x0000000709900000, 0x0000000709a00000|  0%| F|  |TAMS 0x0000000709900000, 0x0000000709900000| Untracked 
|  98|0x0000000709a00000, 0x0000000709a00000, 0x0000000709b00000|  0%| F|  |TAMS 0x0000000709a00000, 0x0000000709a00000| Untracked 
|  99|0x0000000709b00000, 0x0000000709b00000, 0x0000000709c00000|  0%| F|  |TAMS 0x0000000709b00000, 0x0000000709b00000| Untracked 
| 100|0x0000000709c00000, 0x0000000709c00000, 0x0000000709d00000|  0%| F|  |TAMS 0x0000000709c00000, 0x0000000709c00000| Untracked 
| 101|0x0000000709d00000, 0x0000000709d00000, 0x0000000709e00000|  0%| F|  |TAMS 0x0000000709d00000, 0x0000000709d00000| Untracked 
| 102|0x0000000709e00000, 0x0000000709e00000, 0x0000000709f00000|  0%| F|  |TAMS 0x0000000709e00000, 0x0000000709e00000| Untracked 
| 103|0x0000000709f00000, 0x0000000709f00000, 0x000000070a000000|  0%| F|  |TAMS 0x0000000709f00000, 0x0000000709f00000| Untracked 
| 104|0x000000070a000000, 0x000000070a000000, 0x000000070a100000|  0%| F|  |TAMS 0x000000070a000000, 0x000000070a000000| Untracked 
| 105|0x000000070a100000, 0x000000070a100000, 0x000000070a200000|  0%| F|  |TAMS 0x000000070a100000, 0x000000070a100000| Untracked 
| 106|0x000000070a200000, 0x000000070a200000, 0x000000070a300000|  0%| F|  |TAMS 0x000000070a200000, 0x000000070a200000| Untracked 
| 107|0x000000070a300000, 0x000000070a300000, 0x000000070a400000|  0%| F|  |TAMS 0x000000070a300000, 0x000000070a300000| Untracked 
| 108|0x000000070a400000, 0x000000070a400000, 0x000000070a500000|  0%| F|  |TAMS 0x000000070a400000, 0x000000070a400000| Untracked 
| 109|0x000000070a500000, 0x000000070a500000, 0x000000070a600000|  0%| F|  |TAMS 0x000000070a500000, 0x000000070a500000| Untracked 
| 110|0x000000070a600000, 0x000000070a600000, 0x000000070a700000|  0%| F|  |TAMS 0x000000070a600000, 0x000000070a600000| Untracked 
| 111|0x000000070a700000, 0x000000070a700000, 0x000000070a800000|  0%| F|  |TAMS 0x000000070a700000, 0x000000070a700000| Untracked 
| 112|0x000000070a800000, 0x000000070a800000, 0x000000070a900000|  0%| F|  |TAMS 0x000000070a800000, 0x000000070a800000| Untracked 
| 113|0x000000070a900000, 0x000000070a900000, 0x000000070aa00000|  0%| F|  |TAMS 0x000000070a900000, 0x000000070a900000| Untracked 
| 114|0x000000070aa00000, 0x000000070aa00000, 0x000000070ab00000|  0%| F|  |TAMS 0x000000070aa00000, 0x000000070aa00000| Untracked 
| 115|0x000000070ab00000, 0x000000070ab00000, 0x000000070ac00000|  0%| F|  |TAMS 0x000000070ab00000, 0x000000070ab00000| Untracked 
| 116|0x000000070ac00000, 0x000000070ac00000, 0x000000070ad00000|  0%| F|  |TAMS 0x000000070ac00000, 0x000000070ac00000| Untracked 
| 117|0x000000070ad00000, 0x000000070ad00000, 0x000000070ae00000|  0%| F|  |TAMS 0x000000070ad00000, 0x000000070ad00000| Untracked 
| 118|0x000000070ae00000, 0x000000070ae00000, 0x000000070af00000|  0%| F|  |TAMS 0x000000070ae00000, 0x000000070ae00000| Untracked 
| 119|0x000000070af00000, 0x000000070af00000, 0x000000070b000000|  0%| F|  |TAMS 0x000000070af00000, 0x000000070af00000| Untracked 
| 120|0x000000070b000000, 0x000000070b000000, 0x000000070b100000|  0%| F|  |TAMS 0x000000070b000000, 0x000000070b000000| Untracked 
| 121|0x000000070b100000, 0x000000070b100000, 0x000000070b200000|  0%| F|  |TAMS 0x000000070b100000, 0x000000070b100000| Untracked 
| 122|0x000000070b200000, 0x000000070b200000, 0x000000070b300000|  0%| F|  |TAMS 0x000000070b200000, 0x000000070b200000| Untracked 
| 123|0x000000070b300000, 0x000000070b300000, 0x000000070b400000|  0%| F|  |TAMS 0x000000070b300000, 0x000000070b300000| Untracked 
| 124|0x000000070b400000, 0x000000070b400000, 0x000000070b500000|  0%| F|  |TAMS 0x000000070b400000, 0x000000070b400000| Untracked 
| 125|0x000000070b500000, 0x000000070b500000, 0x000000070b600000|  0%| F|  |TAMS 0x000000070b500000, 0x000000070b500000| Untracked 
| 126|0x000000070b600000, 0x000000070b600000, 0x000000070b700000|  0%| F|  |TAMS 0x000000070b600000, 0x000000070b600000| Untracked 
| 127|0x000000070b700000, 0x000000070b700000, 0x000000070b800000|  0%| F|  |TAMS 0x000000070b700000, 0x000000070b700000| Untracked 
| 128|0x000000070b800000, 0x000000070b800000, 0x000000070b900000|  0%| F|  |TAMS 0x000000070b800000, 0x000000070b800000| Untracked 
| 129|0x000000070b900000, 0x000000070b900000, 0x000000070ba00000|  0%| F|  |TAMS 0x000000070b900000, 0x000000070b900000| Untracked 
| 130|0x000000070ba00000, 0x000000070ba00000, 0x000000070bb00000|  0%| F|  |TAMS 0x000000070ba00000, 0x000000070ba00000| Untracked 
| 131|0x000000070bb00000, 0x000000070bb00000, 0x000000070bc00000|  0%| F|  |TAMS 0x000000070bb00000, 0x000000070bb00000| Untracked 
| 132|0x000000070bc00000, 0x000000070bc00000, 0x000000070bd00000|  0%| F|  |TAMS 0x000000070bc00000, 0x000000070bc00000| Untracked 
| 133|0x000000070bd00000, 0x000000070bd00000, 0x000000070be00000|  0%| F|  |TAMS 0x000000070bd00000, 0x000000070bd00000| Untracked 
| 134|0x000000070be00000, 0x000000070be00000, 0x000000070bf00000|  0%| F|  |TAMS 0x000000070be00000, 0x000000070be00000| Untracked 
| 135|0x000000070bf00000, 0x000000070bf00000, 0x000000070c000000|  0%| F|  |TAMS 0x000000070bf00000, 0x000000070bf00000| Untracked 
| 136|0x000000070c000000, 0x000000070c000000, 0x000000070c100000|  0%| F|  |TAMS 0x000000070c000000, 0x000000070c000000| Untracked 
| 137|0x000000070c100000, 0x000000070c100000, 0x000000070c200000|  0%| F|  |TAMS 0x000000070c100000, 0x000000070c100000| Untracked 
| 138|0x000000070c200000, 0x000000070c200000, 0x000000070c300000|  0%| F|  |TAMS 0x000000070c200000, 0x000000070c200000| Untracked 
| 139|0x000000070c300000, 0x000000070c300000, 0x000000070c400000|  0%| F|  |TAMS 0x000000070c300000, 0x000000070c300000| Untracked 
| 140|0x000000070c400000, 0x000000070c400000, 0x000000070c500000|  0%| F|  |TAMS 0x000000070c400000, 0x000000070c400000| Untracked 
| 141|0x000000070c500000, 0x000000070c500000, 0x000000070c600000|  0%| F|  |TAMS 0x000000070c500000, 0x000000070c500000| Untracked 
| 142|0x000000070c600000, 0x000000070c600000, 0x000000070c700000|  0%| F|  |TAMS 0x000000070c600000, 0x000000070c600000| Untracked 
| 143|0x000000070c700000, 0x000000070c700000, 0x000000070c800000|  0%| F|  |TAMS 0x000000070c700000, 0x000000070c700000| Untracked 
| 144|0x000000070c800000, 0x000000070c800000, 0x000000070c900000|  0%| F|  |TAMS 0x000000070c800000, 0x000000070c800000| Untracked 
| 145|0x000000070c900000, 0x000000070c900000, 0x000000070ca00000|  0%| F|  |TAMS 0x000000070c900000, 0x000000070c900000| Untracked 
| 146|0x000000070ca00000, 0x000000070ca00000, 0x000000070cb00000|  0%| F|  |TAMS 0x000000070ca00000, 0x000000070ca00000| Untracked 
| 147|0x000000070cb00000, 0x000000070cb00000, 0x000000070cc00000|  0%| F|  |TAMS 0x000000070cb00000, 0x000000070cb00000| Untracked 
| 148|0x000000070cc00000, 0x000000070cc00000, 0x000000070cd00000|  0%| F|  |TAMS 0x000000070cc00000, 0x000000070cc00000| Untracked 
| 149|0x000000070cd00000, 0x000000070cd00000, 0x000000070ce00000|  0%| F|  |TAMS 0x000000070cd00000, 0x000000070cd00000| Untracked 
| 150|0x000000070ce00000, 0x000000070ce00000, 0x000000070cf00000|  0%| F|  |TAMS 0x000000070ce00000, 0x000000070ce00000| Untracked 
| 151|0x000000070cf00000, 0x000000070cf00000, 0x000000070d000000|  0%| F|  |TAMS 0x000000070cf00000, 0x000000070cf00000| Untracked 
| 152|0x000000070d000000, 0x000000070d000000, 0x000000070d100000|  0%| F|  |TAMS 0x000000070d000000, 0x000000070d000000| Untracked 
| 153|0x000000070d100000, 0x000000070d100000, 0x000000070d200000|  0%| F|  |TAMS 0x000000070d100000, 0x000000070d100000| Untracked 
| 154|0x000000070d200000, 0x000000070d200000, 0x000000070d300000|  0%| F|  |TAMS 0x000000070d200000, 0x000000070d200000| Untracked 
| 155|0x000000070d300000, 0x000000070d300000, 0x000000070d400000|  0%| F|  |TAMS 0x000000070d300000, 0x000000070d300000| Untracked 
| 156|0x000000070d400000, 0x000000070d400000, 0x000000070d500000|  0%| F|  |TAMS 0x000000070d400000, 0x000000070d400000| Untracked 
| 157|0x000000070d500000, 0x000000070d500000, 0x000000070d600000|  0%| F|  |TAMS 0x000000070d500000, 0x000000070d500000| Untracked 
| 158|0x000000070d600000, 0x000000070d600000, 0x000000070d700000|  0%| F|  |TAMS 0x000000070d600000, 0x000000070d600000| Untracked 
| 159|0x000000070d700000, 0x000000070d700000, 0x000000070d800000|  0%| F|  |TAMS 0x000000070d700000, 0x000000070d700000| Untracked 
| 160|0x000000070d800000, 0x000000070d800000, 0x000000070d900000|  0%| F|  |TAMS 0x000000070d800000, 0x000000070d800000| Untracked 
| 161|0x000000070d900000, 0x000000070d900000, 0x000000070da00000|  0%| F|  |TAMS 0x000000070d900000, 0x000000070d900000| Untracked 
| 162|0x000000070da00000, 0x000000070da00000, 0x000000070db00000|  0%| F|  |TAMS 0x000000070da00000, 0x000000070da00000| Untracked 
| 163|0x000000070db00000, 0x000000070db00000, 0x000000070dc00000|  0%| F|  |TAMS 0x000000070db00000, 0x000000070db00000| Untracked 
| 164|0x000000070dc00000, 0x000000070dc00000, 0x000000070dd00000|  0%| F|  |TAMS 0x000000070dc00000, 0x000000070dc00000| Untracked 
| 165|0x000000070dd00000, 0x000000070dd00000, 0x000000070de00000|  0%| F|  |TAMS 0x000000070dd00000, 0x000000070dd00000| Untracked 
| 166|0x000000070de00000, 0x000000070de00000, 0x000000070df00000|  0%| F|  |TAMS 0x000000070de00000, 0x000000070de00000| Untracked 
| 167|0x000000070df00000, 0x000000070df00000, 0x000000070e000000|  0%| F|  |TAMS 0x000000070df00000, 0x000000070df00000| Untracked 
| 168|0x000000070e000000, 0x000000070e000000, 0x000000070e100000|  0%| F|  |TAMS 0x000000070e000000, 0x000000070e000000| Untracked 
| 169|0x000000070e100000, 0x000000070e100000, 0x000000070e200000|  0%| F|  |TAMS 0x000000070e100000, 0x000000070e100000| Untracked 
| 170|0x000000070e200000, 0x000000070e200000, 0x000000070e300000|  0%| F|  |TAMS 0x000000070e200000, 0x000000070e200000| Untracked 
| 171|0x000000070e300000, 0x000000070e300000, 0x000000070e400000|  0%| F|  |TAMS 0x000000070e300000, 0x000000070e300000| Untracked 
| 172|0x000000070e400000, 0x000000070e400000, 0x000000070e500000|  0%| F|  |TAMS 0x000000070e400000, 0x000000070e400000| Untracked 
| 173|0x000000070e500000, 0x000000070e500000, 0x000000070e600000|  0%| F|  |TAMS 0x000000070e500000, 0x000000070e500000| Untracked 
| 174|0x000000070e600000, 0x000000070e600000, 0x000000070e700000|  0%| F|  |TAMS 0x000000070e600000, 0x000000070e600000| Untracked 
| 175|0x000000070e700000, 0x000000070e700000, 0x000000070e800000|  0%| F|  |TAMS 0x000000070e700000, 0x000000070e700000| Untracked 
| 176|0x000000070e800000, 0x000000070e800000, 0x000000070e900000|  0%| F|  |TAMS 0x000000070e800000, 0x000000070e800000| Untracked 
| 177|0x000000070e900000, 0x000000070e900000, 0x000000070ea00000|  0%| F|  |TAMS 0x000000070e900000, 0x000000070e900000| Untracked 
| 178|0x000000070ea00000, 0x000000070ea00000, 0x000000070eb00000|  0%| F|  |TAMS 0x000000070ea00000, 0x000000070ea00000| Untracked 
| 179|0x000000070eb00000, 0x000000070eb00000, 0x000000070ec00000|  0%| F|  |TAMS 0x000000070eb00000, 0x000000070eb00000| Untracked 
| 180|0x000000070ec00000, 0x000000070ec00000, 0x000000070ed00000|  0%| F|  |TAMS 0x000000070ec00000, 0x000000070ec00000| Untracked 
| 181|0x000000070ed00000, 0x000000070ed00000, 0x000000070ee00000|  0%| F|  |TAMS 0x000000070ed00000, 0x000000070ed00000| Untracked 
| 182|0x000000070ee00000, 0x000000070ee00000, 0x000000070ef00000|  0%| F|  |TAMS 0x000000070ee00000, 0x000000070ee00000| Untracked 
| 183|0x000000070ef00000, 0x000000070ef00000, 0x000000070f000000|  0%| F|  |TAMS 0x000000070ef00000, 0x000000070ef00000| Untracked 
| 184|0x000000070f000000, 0x000000070f000000, 0x000000070f100000|  0%| F|  |TAMS 0x000000070f000000, 0x000000070f000000| Untracked 
| 185|0x000000070f100000, 0x000000070f1977e0, 0x000000070f200000| 59%| S|CS|TAMS 0x000000070f100000, 0x000000070f100000| Complete 
| 186|0x000000070f200000, 0x000000070f300000, 0x000000070f300000|100%| S|CS|TAMS 0x000000070f200000, 0x000000070f200000| Complete 
| 187|0x000000070f300000, 0x000000070f400000, 0x000000070f400000|100%| S|CS|TAMS 0x000000070f300000, 0x000000070f300000| Complete 
| 188|0x000000070f400000, 0x000000070f500000, 0x000000070f500000|100%| S|CS|TAMS 0x000000070f400000, 0x000000070f400000| Complete 
| 189|0x000000070f500000, 0x000000070f600000, 0x000000070f600000|100%| S|CS|TAMS 0x000000070f500000, 0x000000070f500000| Complete 
| 190|0x000000070f600000, 0x000000070f700000, 0x000000070f700000|100%| S|CS|TAMS 0x000000070f600000, 0x000000070f600000| Complete 
| 191|0x000000070f700000, 0x000000070f800000, 0x000000070f800000|100%| S|CS|TAMS 0x000000070f700000, 0x000000070f700000| Complete 
| 192|0x000000070f800000, 0x000000070f800000, 0x000000070f900000|  0%| F|  |TAMS 0x000000070f800000, 0x000000070f800000| Untracked 
| 193|0x000000070f900000, 0x000000070f900000, 0x000000070fa00000|  0%| F|  |TAMS 0x000000070f900000, 0x000000070f900000| Untracked 
| 194|0x000000070fa00000, 0x000000070fa00000, 0x000000070fb00000|  0%| F|  |TAMS 0x000000070fa00000, 0x000000070fa00000| Untracked 
| 195|0x000000070fb00000, 0x000000070fb00000, 0x000000070fc00000|  0%| F|  |TAMS 0x000000070fb00000, 0x000000070fb00000| Untracked 
| 196|0x000000070fc00000, 0x000000070fc00000, 0x000000070fd00000|  0%| F|  |TAMS 0x000000070fc00000, 0x000000070fc00000| Untracked 
| 197|0x000000070fd00000, 0x000000070fd00000, 0x000000070fe00000|  0%| F|  |TAMS 0x000000070fd00000, 0x000000070fd00000| Untracked 
| 198|0x000000070fe00000, 0x000000070fe00000, 0x000000070ff00000|  0%| F|  |TAMS 0x000000070fe00000, 0x000000070fe00000| Untracked 
| 199|0x000000070ff00000, 0x000000070ff00000, 0x0000000710000000|  0%| F|  |TAMS 0x000000070ff00000, 0x000000070ff00000| Untracked 
| 200|0x0000000710000000, 0x0000000710000000, 0x0000000710100000|  0%| F|  |TAMS 0x0000000710000000, 0x0000000710000000| Untracked 
| 201|0x0000000710100000, 0x0000000710200000, 0x0000000710200000|100%| E|  |TAMS 0x0000000710100000, 0x0000000710100000| Complete 
| 202|0x0000000710200000, 0x0000000710300000, 0x0000000710300000|100%| E|CS|TAMS 0x0000000710200000, 0x0000000710200000| Complete 
| 203|0x0000000710300000, 0x0000000710400000, 0x0000000710400000|100%| E|CS|TAMS 0x0000000710300000, 0x0000000710300000| Complete 
| 204|0x0000000710400000, 0x0000000710500000, 0x0000000710500000|100%| E|CS|TAMS 0x0000000710400000, 0x0000000710400000| Complete 
| 205|0x0000000710500000, 0x0000000710600000, 0x0000000710600000|100%| E|CS|TAMS 0x0000000710500000, 0x0000000710500000| Complete 
| 206|0x0000000710600000, 0x0000000710700000, 0x0000000710700000|100%| E|CS|TAMS 0x0000000710600000, 0x0000000710600000| Complete 
| 207|0x0000000710700000, 0x0000000710800000, 0x0000000710800000|100%| E|CS|TAMS 0x0000000710700000, 0x0000000710700000| Complete 
| 208|0x0000000710800000, 0x0000000710900000, 0x0000000710900000|100%| E|CS|TAMS 0x0000000710800000, 0x0000000710800000| Complete 
| 209|0x0000000710900000, 0x0000000710a00000, 0x0000000710a00000|100%| E|CS|TAMS 0x0000000710900000, 0x0000000710900000| Complete 
| 210|0x0000000710a00000, 0x0000000710b00000, 0x0000000710b00000|100%| E|CS|TAMS 0x0000000710a00000, 0x0000000710a00000| Complete 
| 211|0x0000000710b00000, 0x0000000710c00000, 0x0000000710c00000|100%| E|CS|TAMS 0x0000000710b00000, 0x0000000710b00000| Complete 
| 212|0x0000000710c00000, 0x0000000710d00000, 0x0000000710d00000|100%| E|CS|TAMS 0x0000000710c00000, 0x0000000710c00000| Complete 
| 213|0x0000000710d00000, 0x0000000710e00000, 0x0000000710e00000|100%| E|CS|TAMS 0x0000000710d00000, 0x0000000710d00000| Complete 
| 214|0x0000000710e00000, 0x0000000710f00000, 0x0000000710f00000|100%| E|CS|TAMS 0x0000000710e00000, 0x0000000710e00000| Complete 
| 215|0x0000000710f00000, 0x0000000711000000, 0x0000000711000000|100%| E|CS|TAMS 0x0000000710f00000, 0x0000000710f00000| Complete 
| 216|0x0000000711000000, 0x0000000711100000, 0x0000000711100000|100%| E|CS|TAMS 0x0000000711000000, 0x0000000711000000| Complete 
| 217|0x0000000711100000, 0x0000000711200000, 0x0000000711200000|100%| E|CS|TAMS 0x0000000711100000, 0x0000000711100000| Complete 
| 218|0x0000000711200000, 0x0000000711300000, 0x0000000711300000|100%| E|CS|TAMS 0x0000000711200000, 0x0000000711200000| Complete 
| 219|0x0000000711300000, 0x0000000711400000, 0x0000000711400000|100%| E|CS|TAMS 0x0000000711300000, 0x0000000711300000| Complete 
| 220|0x0000000711400000, 0x0000000711500000, 0x0000000711500000|100%| E|CS|TAMS 0x0000000711400000, 0x0000000711400000| Complete 
| 221|0x0000000711500000, 0x0000000711600000, 0x0000000711600000|100%| E|CS|TAMS 0x0000000711500000, 0x0000000711500000| Complete 
| 222|0x0000000711600000, 0x0000000711700000, 0x0000000711700000|100%| E|CS|TAMS 0x0000000711600000, 0x0000000711600000| Complete 
| 223|0x0000000711700000, 0x0000000711800000, 0x0000000711800000|100%| E|CS|TAMS 0x0000000711700000, 0x0000000711700000| Complete 
| 224|0x0000000711800000, 0x0000000711900000, 0x0000000711900000|100%| E|CS|TAMS 0x0000000711800000, 0x0000000711800000| Complete 
| 225|0x0000000711900000, 0x0000000711a00000, 0x0000000711a00000|100%| E|CS|TAMS 0x0000000711900000, 0x0000000711900000| Complete 
| 226|0x0000000711a00000, 0x0000000711b00000, 0x0000000711b00000|100%| E|CS|TAMS 0x0000000711a00000, 0x0000000711a00000| Complete 
| 227|0x0000000711b00000, 0x0000000711c00000, 0x0000000711c00000|100%| E|CS|TAMS 0x0000000711b00000, 0x0000000711b00000| Complete 
| 228|0x0000000711c00000, 0x0000000711d00000, 0x0000000711d00000|100%| E|CS|TAMS 0x0000000711c00000, 0x0000000711c00000| Complete 
| 229|0x0000000711d00000, 0x0000000711e00000, 0x0000000711e00000|100%| E|CS|TAMS 0x0000000711d00000, 0x0000000711d00000| Complete 
| 230|0x0000000711e00000, 0x0000000711f00000, 0x0000000711f00000|100%| E|CS|TAMS 0x0000000711e00000, 0x0000000711e00000| Complete 
| 231|0x0000000711f00000, 0x0000000712000000, 0x0000000712000000|100%| E|CS|TAMS 0x0000000711f00000, 0x0000000711f00000| Complete 
| 232|0x0000000712000000, 0x0000000712100000, 0x0000000712100000|100%| E|CS|TAMS 0x0000000712000000, 0x0000000712000000| Complete 
| 233|0x0000000712100000, 0x0000000712200000, 0x0000000712200000|100%| E|CS|TAMS 0x0000000712100000, 0x0000000712100000| Complete 
| 234|0x0000000712200000, 0x0000000712300000, 0x0000000712300000|100%| E|CS|TAMS 0x0000000712200000, 0x0000000712200000| Complete 
| 235|0x0000000712300000, 0x0000000712400000, 0x0000000712400000|100%| E|CS|TAMS 0x0000000712300000, 0x0000000712300000| Complete 
| 236|0x0000000712400000, 0x0000000712500000, 0x0000000712500000|100%| E|CS|TAMS 0x0000000712400000, 0x0000000712400000| Complete 
| 237|0x0000000712500000, 0x0000000712600000, 0x0000000712600000|100%| E|CS|TAMS 0x0000000712500000, 0x0000000712500000| Complete 
| 238|0x0000000712600000, 0x0000000712700000, 0x0000000712700000|100%| E|CS|TAMS 0x0000000712600000, 0x0000000712600000| Complete 
| 239|0x0000000712700000, 0x0000000712800000, 0x0000000712800000|100%| E|CS|TAMS 0x0000000712700000, 0x0000000712700000| Complete 
| 240|0x0000000712800000, 0x0000000712900000, 0x0000000712900000|100%| E|CS|TAMS 0x0000000712800000, 0x0000000712800000| Complete 
| 241|0x0000000712900000, 0x0000000712a00000, 0x0000000712a00000|100%| E|CS|TAMS 0x0000000712900000, 0x0000000712900000| Complete 
| 242|0x0000000712a00000, 0x0000000712b00000, 0x0000000712b00000|100%| E|CS|TAMS 0x0000000712a00000, 0x0000000712a00000| Complete 
| 243|0x0000000712b00000, 0x0000000712c00000, 0x0000000712c00000|100%| E|CS|TAMS 0x0000000712b00000, 0x0000000712b00000| Complete 
| 244|0x0000000712c00000, 0x0000000712d00000, 0x0000000712d00000|100%| E|CS|TAMS 0x0000000712c00000, 0x0000000712c00000| Complete 
| 245|0x0000000712d00000, 0x0000000712e00000, 0x0000000712e00000|100%| E|CS|TAMS 0x0000000712d00000, 0x0000000712d00000| Complete 
| 246|0x0000000712e00000, 0x0000000712f00000, 0x0000000712f00000|100%| E|CS|TAMS 0x0000000712e00000, 0x0000000712e00000| Complete 
| 247|0x0000000712f00000, 0x0000000713000000, 0x0000000713000000|100%| E|CS|TAMS 0x0000000712f00000, 0x0000000712f00000| Complete 
| 248|0x0000000713000000, 0x0000000713100000, 0x0000000713100000|100%| E|CS|TAMS 0x0000000713000000, 0x0000000713000000| Complete 
| 249|0x0000000713100000, 0x0000000713200000, 0x0000000713200000|100%| E|CS|TAMS 0x0000000713100000, 0x0000000713100000| Complete 
| 250|0x0000000713200000, 0x0000000713300000, 0x0000000713300000|100%| E|CS|TAMS 0x0000000713200000, 0x0000000713200000| Complete 
| 251|0x0000000713300000, 0x0000000713400000, 0x0000000713400000|100%| E|CS|TAMS 0x0000000713300000, 0x0000000713300000| Complete 
| 252|0x0000000713400000, 0x0000000713500000, 0x0000000713500000|100%| E|CS|TAMS 0x0000000713400000, 0x0000000713400000| Complete 
| 253|0x0000000713500000, 0x0000000713600000, 0x0000000713600000|100%| E|CS|TAMS 0x0000000713500000, 0x0000000713500000| Complete 

Card table byte_map: [0x000001be5e4d0000,0x000001be5ecc0000] _byte_map_base: 0x000001be5acb4000

Marking Bits (Prev, Next): (CMBitMap*) 0x000001be45c1cc60, (CMBitMap*) 0x000001be45c1cc28
 Prev Bits: [0x000001be633d0000, 0x000001be672f0000)
 Next Bits: [0x000001be5f4b0000, 0x000001be633d0000)

Polling page: 0x000001be443a0000

Metaspace:

Usage:
  Non-class:     20.21 MB capacity,    19.82 MB ( 98%) used,   367.35 KB (  2%) free+waste,    25.88 KB ( <1%) overhead. 
      Class:      2.46 MB capacity,     2.32 MB ( 94%) used,   138.17 KB (  5%) free+waste,    10.06 KB ( <1%) overhead. 
       Both:     22.67 MB capacity,    22.14 MB ( 98%) used,   505.52 KB (  2%) free+waste,    35.94 KB ( <1%) overhead. 

Virtual space:
  Non-class space:       22.00 MB reserved,      20.42 MB ( 93%) committed 
      Class space:        1.00 GB reserved,       2.50 MB ( <1%) committed 
             Both:        1.02 GB reserved,      22.92 MB (  2%) committed 

Chunk freelists:
   Non-Class:  11.63 KB
       Class:  640 bytes
        Both:  12.25 KB

CodeHeap 'non-profiled nmethods': size=120000Kb used=2037Kb max_used=2037Kb free=117962Kb
 bounds [0x000001be55d50000, 0x000001be55fc0000, 0x000001be5d280000]
CodeHeap 'profiled nmethods': size=120000Kb used=8232Kb max_used=8232Kb free=111767Kb
 bounds [0x000001be4e820000, 0x000001be4f030000, 0x000001be55d50000]
CodeHeap 'non-nmethods': size=5760Kb used=1127Kb max_used=1173Kb free=4632Kb
 bounds [0x000001be4e280000, 0x000001be4e4f0000, 0x000001be4e820000]
 total_blobs=4950 nmethods=3657 adapters=344
 compilation: enabled
              stopped_count=0, restarted_count=0
 full_count=0

Compilation events (10 events):
Event: 10.851 Thread 0x000001be6a7ab800 3590       3       org.apache.maven.model.Scm::getLocation (25 bytes)
Event: 10.851 Thread 0x000001be6a7ab800 nmethod 3590 0x000001be4eff0d90 code [0x000001be4eff0f60, 0x000001be4eff12f0]
Event: 10.851 Thread 0x000001be6a7ab800 3591       3       org.apache.maven.model.Scm::setLocation (35 bytes)
Event: 10.852 Thread 0x000001be6a7ab800 nmethod 3591 0x000001be4eff1410 code [0x000001be4eff1600, 0x000001be4eff1b30]
Event: 10.852 Thread 0x000001be6a7ab800 3592       3       org.apache.maven.model.merge.ModelMerger::mergeDependency (82 bytes)
Event: 10.853 Thread 0x000001be6a7ab800 nmethod 3592 0x000001be4eff1d10 code [0x000001be4eff1f40, 0x000001be4eff2830]
Event: 10.853 Thread 0x000001be6a7ab800 3593       3       org.apache.maven.model.merge.ModelMerger::mergeDependency_GroupId (41 bytes)
Event: 10.853 Thread 0x000001be6a7ab800 nmethod 3593 0x000001be4eff2a10 code [0x000001be4eff2c60, 0x000001be4eff3660]
Event: 10.860 Thread 0x000001be6cf3b800 nmethod 3584 0x000001be55f42210 code [0x000001be55f423e0, 0x000001be55f43028]
Event: 10.861 Thread 0x000001be6cf3b800 3589   !   4       java.util.concurrent.ConcurrentHashMap::replaceNode (437 bytes)

GC Heap History (4 events):
Event: 5.267 GC heap before
{Heap before GC invocations=0 (full 0):
 garbage-first heap   total 260096K, used 24576K [0x0000000703800000, 0x0000000800000000)
  region size 1024K, 24 young (24576K), 0 survivors (0K)
 Metaspace       used 13166K, capacity 13482K, committed 13568K, reserved 1060864K
  class space    used 1342K, capacity 1451K, committed 1536K, reserved 1048576K
}
Event: 5.285 GC heap after
{Heap after GC invocations=1 (full 0):
 garbage-first heap   total 260096K, used 3724K [0x0000000703800000, 0x0000000800000000)
  region size 1024K, 3 young (3072K), 3 survivors (3072K)
 Metaspace       used 13166K, capacity 13482K, committed 13568K, reserved 1060864K
  class space    used 1342K, capacity 1451K, committed 1536K, reserved 1048576K
}
Event: 8.122 GC heap before
{Heap before GC invocations=1 (full 0):
 garbage-first heap   total 260096K, used 63116K [0x0000000703800000, 0x0000000800000000)
  region size 1024K, 62 young (63488K), 3 survivors (3072K)
 Metaspace       used 20858K, capacity 21186K, committed 21296K, reserved 1069056K
  class space    used 2241K, capacity 2379K, committed 2432K, reserved 1048576K
}
Event: 8.140 GC heap after
{Heap after GC invocations=2 (full 0):
 garbage-first heap   total 260096K, used 7401K [0x0000000703800000, 0x0000000800000000)
  region size 1024K, 7 young (7168K), 7 survivors (7168K)
 Metaspace       used 20858K, capacity 21186K, committed 21296K, reserved 1069056K
  class space    used 2241K, capacity 2379K, committed 2432K, reserved 1048576K
}

Deoptimization events (10 events):
Event: 9.219 Thread 0x000001be45bb6800 Uncommon trap: reason=speculate_null_assert action=make_not_entrant pc=0x000001be55eb1914 method=org.eclipse.sisu.inject.RankedBindings$Itr.hasNext()Z @ 80 c2
Event: 9.743 Thread 0x000001be45bb6800 Uncommon trap: reason=class_check action=maybe_recompile pc=0x000001be55e9013c method=java.util.regex.Pattern$Start.match(Ljava/util/regex/Matcher;ILjava/lang/CharSequence;)Z @ 44 c2
Event: 9.743 Thread 0x000001be45bb6800 Uncommon trap: reason=class_check action=maybe_recompile pc=0x000001be55e9013c method=java.util.regex.Pattern$Start.match(Ljava/util/regex/Matcher;ILjava/lang/CharSequence;)Z @ 44 c2
Event: 9.831 Thread 0x000001be45bb6800 Uncommon trap: reason=unstable_if action=reinterpret pc=0x000001be55e83164 method=org.apache.maven.model.io.xpp3.MavenXpp3Reader.nextTag(Lorg/codehaus/plexus/util/xml/pull/XmlPullParser;)I @ 9 c2
Event: 10.252 Thread 0x000001be45bb6800 Uncommon trap: reason=profile_predicate action=maybe_recompile pc=0x000001be55f1b6bc method=java.util.concurrent.ConcurrentHashMap.putAll(Ljava/util/Map;)V @ 28 c2
Event: 10.263 Thread 0x000001be45bb6800 Uncommon trap: reason=profile_predicate action=maybe_recompile pc=0x000001be55f1b6bc method=java.util.concurrent.ConcurrentHashMap.putAll(Ljava/util/Map;)V @ 28 c2
Event: 10.263 Thread 0x000001be45bb6800 Uncommon trap: reason=profile_predicate action=maybe_recompile pc=0x000001be55f1b6bc method=java.util.concurrent.ConcurrentHashMap.putAll(Ljava/util/Map;)V @ 28 c2
Event: 10.263 Thread 0x000001be45bb6800 Uncommon trap: reason=profile_predicate action=maybe_recompile pc=0x000001be55f1b6bc method=java.util.concurrent.ConcurrentHashMap.putAll(Ljava/util/Map;)V @ 28 c2
Event: 10.551 Thread 0x000001be45bb6800 Uncommon trap: reason=unstable_if action=reinterpret pc=0x000001be55efa2d4 method=org.eclipse.sisu.plexus.RealmFilteredBeans$FilteredItr.hasNext()Z @ 44 c2
Event: 10.709 Thread 0x000001be45bb6800 Uncommon trap: reason=unstable_if action=reinterpret pc=0x000001be55f0cf30 method=com.google.inject.internal.InjectorImpl.callInContext(Lcom/google/inject/internal/ContextualCallable;)Ljava/lang/Object; @ 161 c2

Classes redefined (0 events):
No events

Internal exceptions (8 events):
Event: 0.363 Thread 0x000001be45bb6800 Exception <a 'java/lang/NoSuchMethodError'{0x00000007132d34b0}: java.lang.invoke.DirectMethodHandle$Holder.invokeSpecialIFC(Ljava/lang/Object;Ljava/lang/Object;I)I> (0x00000007132d34b0) thrown at [t:/workspace/open/src/hotspot/share/interpreter/linkResolv
Event: 0.431 Thread 0x000001be45bb6800 Exception <a 'java/lang/NoSuchMethodError'{0x00000007131dc268}: java.lang.invoke.DirectMethodHandle$Holder.invokeStaticInit(Ljava/lang/Object;IIII)Ljava/lang/Object;> (0x00000007131dc268) thrown at [t:/workspace/open/src/hotspot/share/interpreter/linkReso
Event: 4.246 Thread 0x000001be45bb6800 Exception <a 'java/lang/NoSuchMethodError'{0x00000007130a6e58}: java.lang.invoke.DirectMethodHandle$Holder.invokeStaticInit(Ljava/lang/Object;Ljava/lang/Object;IIII)Ljava/lang/Object;> (0x00000007130a6e58) thrown at [t:/workspace/open/src/hotspot/share/in
Event: 7.089 Thread 0x000001be45bb6800 Exception <a 'java/lang/NoClassDefFoundError'{0x0000000710f1f5c8}: com/google/inject/servlet/ServletModuleTargetVisitor> (0x0000000710f1f5c8) thrown at [t:/workspace/open/src/hotspot/share/classfile/systemDictionary.cpp, line 220]
Event: 7.089 Thread 0x000001be45bb6800 Exception <a 'java/lang/NoClassDefFoundError'{0x0000000710f1f5c8}> (0x0000000710f1f5c8) thrown at [t:/workspace/open/src/hotspot/share/prims/jvm.cpp, line 1312]
Event: 7.090 Thread 0x000001be45bb6800 Exception <a 'java/lang/NoClassDefFoundError'{0x0000000710f22120}: javax/annotation/Priority> (0x0000000710f22120) thrown at [t:/workspace/open/src/hotspot/share/classfile/systemDictionary.cpp, line 220]
Event: 7.732 Thread 0x000001be45bb6800 Implicit null exception at 0x000001be55df67f5 to 0x000001be55df69de
Event: 10.709 Thread 0x000001be45bb6800 Implicit null exception at 0x000001be55f0afb5 to 0x000001be55f0cf1a

Events (10 events):
Event: 10.767 loading class org/apache/maven/shared/utils/io/DirectoryScanner
Event: 10.767 loading class org/apache/maven/shared/utils/io/DirectoryScanner done
Event: 10.770 loading class org/apache/maven/shared/utils/io/DirectoryScanResult
Event: 10.770 loading class org/apache/maven/shared/utils/io/DirectoryScanResult done
Event: 10.770 loading class org/apache/maven/shared/utils/io/DirectoryScanResult
Event: 10.770 loading class org/apache/maven/shared/utils/io/DirectoryScanResult done
Event: 10.775 loading class org/apache/maven/shared/utils/io/IOUtil
Event: 10.775 loading class org/apache/maven/shared/utils/io/IOUtil done
Event: 10.775 loading class org/apache/maven/shared/utils/io/IOUtil
Event: 10.775 loading class org/apache/maven/shared/utils/io/IOUtil done


Dynamic libraries:
0x00007ff7d8db0000 - 0x00007ff7d8df7000 	D:\Download\jdk-11\bin\java.exe
0x00007ffbcd890000 - 0x00007ffbcda85000 	C:\WINDOWS\SYSTEM32\ntdll.dll
0x00007ffbcc160000 - 0x00007ffbcc21d000 	C:\WINDOWS\System32\KERNEL32.DLL
0x00007ffbcb550000 - 0x00007ffbcb81d000 	C:\WINDOWS\System32\KERNELBASE.dll
0x00007ffbccec0000 - 0x00007ffbccf6e000 	C:\WINDOWS\System32\ADVAPI32.dll
0x00007ffbcd520000 - 0x00007ffbcd5be000 	C:\WINDOWS\System32\msvcrt.dll
0x00007ffbcccf0000 - 0x00007ffbccd8c000 	C:\WINDOWS\System32\sechost.dll
0x00007ffbcc700000 - 0x00007ffbcc825000 	C:\WINDOWS\System32\RPCRT4.dll
0x00007ffbcd0a0000 - 0x00007ffbcd240000 	C:\WINDOWS\System32\USER32.dll
0x00007ffbcb8b0000 - 0x00007ffbcb8d2000 	C:\WINDOWS\System32\win32u.dll
0x00007ffbcb910000 - 0x00007ffbcb93a000 	C:\WINDOWS\System32\GDI32.dll
0x00007ffbcb240000 - 0x00007ffbcb34b000 	C:\WINDOWS\System32\gdi32full.dll
0x00007ffbcb1a0000 - 0x00007ffbcb23d000 	C:\WINDOWS\System32\msvcp_win.dll
0x00007ffbcb0a0000 - 0x00007ffbcb1a0000 	C:\WINDOWS\System32\ucrtbase.dll
0x00007ffbb2a90000 - 0x00007ffbb2d2a000 	C:\WINDOWS\WinSxS\amd64_microsoft.windows.common-controls_6595b64144ccf1df_6.0.19041.1110_none_60b5254171f9507e\COMCTL32.dll
0x00007ffbcacf0000 - 0x00007ffbcacfa000 	C:\WINDOWS\SYSTEM32\VERSION.dll
0x00007ffbcb8e0000 - 0x00007ffbcb910000 	C:\WINDOWS\System32\IMM32.DLL
0x0000000050340000 - 0x000000005034c000 	C:\Program Files (x86)\360\360Safe\safemon\SafeWrapper.dll
0x00007ffb91f40000 - 0x00007ffb91fec000 	C:\Program Files (x86)\360\360Safe\safemon\libzdtp64.dll
0x00007ffbcb940000 - 0x00007ffbcc084000 	C:\WINDOWS\System32\SHELL32.dll
0x00007ffbcc220000 - 0x00007ffbcc275000 	C:\WINDOWS\System32\SHLWAPI.dll
0x00007ffba5170000 - 0x00007ffba5186000 	D:\Download\jdk-11\bin\vcruntime140.dll
0x00007ffb77d00000 - 0x00007ffb77daa000 	D:\Download\jdk-11\bin\msvcp140.dll
0x00007ffb6c600000 - 0x00007ffb6d142000 	D:\Download\jdk-11\bin\server\jvm.dll
0x00007ffbccf70000 - 0x00007ffbccf78000 	C:\WINDOWS\System32\PSAPI.DLL
0x00007ffbaf6b0000 - 0x00007ffbaf6b9000 	C:\WINDOWS\SYSTEM32\WSOCK32.dll
0x00007ffbb65b0000 - 0x00007ffbb65d7000 	C:\WINDOWS\SYSTEM32\WINMM.dll
0x00007ffbcc090000 - 0x00007ffbcc0fb000 	C:\WINDOWS\System32\WS2_32.dll
0x00007ffbc97b0000 - 0x00007ffbc97c2000 	C:\WINDOWS\SYSTEM32\kernel.appcore.dll
0x00007ffb97120000 - 0x00007ffb97131000 	D:\Download\jdk-11\bin\verify.dll
0x00007ffbc5600000 - 0x00007ffbc57e4000 	C:\WINDOWS\SYSTEM32\DBGHELP.DLL
0x00007ffbb0db0000 - 0x00007ffbb0ddc000 	C:\WINDOWS\SYSTEM32\dbgcore.DLL
0x00007ffbcb820000 - 0x00007ffbcb8a2000 	C:\WINDOWS\System32\bcryptPrimitives.dll
0x00007ffb95e80000 - 0x00007ffb95ea9000 	D:\Download\jdk-11\bin\java.dll
0x00007ffb8e2b0000 - 0x00007ffb8e2c6000 	D:\Download\jdk-11\bin\zip.dll
0x00007ffbc0b70000 - 0x00007ffbc0b7a000 	D:\Download\jdk-11\bin\jimage.dll
0x00007ffbc5fb0000 - 0x00007ffbc6744000 	C:\WINDOWS\SYSTEM32\windows.storage.dll
0x00007ffbcc830000 - 0x00007ffbccb84000 	C:\WINDOWS\System32\combase.dll
0x00007ffbca990000 - 0x00007ffbca9bc000 	C:\WINDOWS\SYSTEM32\Wldp.dll
0x00007ffbccc20000 - 0x00007ffbccccd000 	C:\WINDOWS\System32\SHCORE.dll
0x00007ffbcaee0000 - 0x00007ffbcaeff000 	C:\WINDOWS\SYSTEM32\profapi.dll
0x00007ffb8c450000 - 0x00007ffb8c469000 	D:\Download\jdk-11\bin\net.dll
0x00007ffbc10e0000 - 0x00007ffbc11ea000 	C:\WINDOWS\SYSTEM32\WINHTTP.dll
0x00007ffbca6f0000 - 0x00007ffbca75a000 	C:\WINDOWS\system32\mswsock.dll
0x00007ffb8c240000 - 0x00007ffb8c253000 	D:\Download\jdk-11\bin\nio.dll
0x00007ffbca8e0000 - 0x00007ffbca8f8000 	C:\WINDOWS\SYSTEM32\CRYPTSP.dll
0x00007ffbca000000 - 0x00007ffbca034000 	C:\WINDOWS\system32\rsaenh.dll
0x00007ffbcb520000 - 0x00007ffbcb547000 	C:\WINDOWS\System32\bcrypt.dll
0x00007ffbcae60000 - 0x00007ffbcae8e000 	C:\WINDOWS\SYSTEM32\USERENV.dll
0x00007ffbca900000 - 0x00007ffbca90c000 	C:\WINDOWS\SYSTEM32\CRYPTBASE.dll
0x00007ffbca390000 - 0x00007ffbca3cb000 	C:\WINDOWS\SYSTEM32\IPHLPAPI.DLL
0x00007ffbcd3e0000 - 0x00007ffbcd3e8000 	C:\WINDOWS\System32\NSI.dll
0x00007ffbbd670000 - 0x00007ffbbd687000 	C:\WINDOWS\SYSTEM32\dhcpcsvc6.DLL
0x00007ffbbd650000 - 0x00007ffbbd66d000 	C:\WINDOWS\SYSTEM32\dhcpcsvc.DLL
0x00007ffbca3d0000 - 0x00007ffbca49b000 	C:\WINDOWS\SYSTEM32\DNSAPI.dll
0x00007ffbc13d0000 - 0x00007ffbc13da000 	C:\Users\86187\AppData\Local\Temp\jansi-1.16-1932065886424074605.dll
0x00007ffbc13c0000 - 0x00007ffbc13ca000 	C:\Users\86187\AppData\Local\Temp\jansi-1.16-11278889345334094452.dll

dbghelp: loaded successfully - version: 4.0.5 - missing functions: none
symbol engine: initialized successfully - sym options: 0x614 - pdb path: .;D:\Download\jdk-11\bin;C:\WINDOWS\SYSTEM32;C:\WINDOWS\WinSxS\amd64_microsoft.windows.common-controls_6595b64144ccf1df_6.0.19041.1110_none_60b5254171f9507e;C:\Program Files (x86)\360\360Safe\safemon;D:\Download\jdk-11\bin\server;C:\Users\86187\AppData\Local\Temp

VM Arguments:
jvm_args: -Dmaven.multiModuleProjectDirectory=D:\mySSM\spring_mvc_helloworld -Dmaven.home=D:\Download\apache-maven-3.5.2-bin\apache-maven-3.5.2 -Dclassworlds.conf=D:\Download\apache-maven-3.5.2-bin\apache-maven-3.5.2\bin\m2.conf -Dmaven.ext.class.path=D:\Download\IntelliJ IDEA 2020.1\plugins\maven\lib\maven-event-listener.jar -Dfile.encoding=UTF-8 
java_command: org.codehaus.classworlds.Launcher -Didea.version2020.1 --update-snapshots -s D:\Download\apache-maven-3.5.2-bin\apache-maven-3.5.2\conf\settings.xml -Dmaven.repo.local=D:\Download\apache-maven-3.5.2-bin\maven_repository install
java_class_path (initial): D:\Download\apache-maven-3.5.2-bin\apache-maven-3.5.2\boot\plexus-classworlds-2.5.2.jar
Launcher Type: SUN_STANDARD

[Global flags]
     intx CICompilerCount                          = 4                                         {product} {ergonomic}
     uint ConcGCThreads                            = 2                                         {product} {ergonomic}
     uint G1ConcRefinementThreads                  = 8                                         {product} {ergonomic}
   size_t G1HeapRegionSize                         = 1048576                                   {product} {ergonomic}
    uintx GCDrainStackTargetSize                   = 64                                        {product} {ergonomic}
   size_t InitialHeapSize                          = 266338304                                 {product} {ergonomic}
   size_t MarkStackSize                            = 4194304                                   {product} {ergonomic}
   size_t MaxHeapSize                              = 4236247040                                {product} {ergonomic}
   size_t MaxNewSize                               = 2541748224                                {product} {ergonomic}
   size_t MinHeapDeltaBytes                        = 1048576                                   {product} {ergonomic}
    uintx NonNMethodCodeHeapSize                   = 5835340                                {pd product} {ergonomic}
    uintx NonProfiledCodeHeapSize                  = 122911450                              {pd product} {ergonomic}
    uintx ProfiledCodeHeapSize                     = 122911450                              {pd product} {ergonomic}
    uintx ReservedCodeCacheSize                    = 251658240                              {pd product} {ergonomic}
     bool SegmentedCodeCache                       = true                                      {product} {ergonomic}
     bool UseCompressedClassPointers               = true                                 {lp64_product} {ergonomic}
     bool UseCompressedOops                        = true                                 {lp64_product} {ergonomic}
     bool UseG1GC                                  = true                                      {product} {ergonomic}
     bool UseLargePagesIndividualAllocation        = false                                  {pd product} {ergonomic}

Logging:
Log output configuration:
 #0: stdout all=warning uptime,level,tags
 #1: stderr all=off uptime,level,tags

Environment Variables:
JAVA_HOME=D:\Download\jdk-11
PATH=C:\Program Files (x86)\Common Files\Oracle\Java\javapath;D:\Download\oracle\product\11.2.0\dbhome_2\bin;D:\Download\oracle\product\11.2.0\dbhome_1\bin;D:\Download\oracle19c\bin;D:\Download\VMware16.0\bin\;D:\Download\jdk-11\bin；C:\Windows\system32;C:\Windows;C:\Windows\System32\Wbem;C:\Windows\System32\WindowsPowerShell\v1.0\;C:\Windows\System32\OpenSSH\;C:\Program Files (x86)\NVIDIA Corporation\PhysX\Common;C:\Program Files\NVIDIA Corporation\NVIDIA NvDLISR;C:\WINDOWS\system32;C:\WINDOWS;C:\WINDOWS\System32\Wbem;C:\WINDOWS\System32\WindowsPowerShell\v1.0\;D:\Download\jdk-11\bin；C:\WINDOWS\System32\OpenSSH\;C:\Program Files (x86)\QuickTime\QTSystem\;D:\BaiduNetdiskDownload\bin;C:\Program Files (x86)\Tencent\QQ\Bin;D:\Download\bin;D:\Download\mysql\bin;D:\Download\apache-maven-3.5.2-bin\apache-maven-3.5.2\bin;D:\Download\Node\;D:\Download\python3.10\Scripts\;D:\Download\python3.10\;C:\Users\86187\AppData\Local\Microsoft\WindowsApps;C:\Users\86187\AppData\Local\Microsoft\WindowsApps;D:\softdownload\PyCharm 2020.1\bin;;C:\Program Files (x86)\Tencent\QQGameTempest\Hall.57915\;D:\Download\IntelliJ IDEA 2020.1\bin;;C:\Users\86187\AppData\Roaming\npm
USERNAME=86187
OS=Windows_NT
PROCESSOR_IDENTIFIER=Intel64 Family 6 Model 126 Stepping 5, GenuineIntel



---------------  S Y S T E M  ---------------

OS: Windows 10 , 64 bit Build 19041 (10.0.19041.1706)

CPU:total 8 (initial active 8) (4 cores per cpu, 2 threads per core) family 6 model 126 stepping 5, cmov, cx8, fxsr, mmx, sse, sse2, sse3, ssse3, sse4.1, sse4.2, popcnt, avx, avx2, aes, clmul, erms, 3dnowpref, lzcnt, ht, tsc, tscinvbit, bmi1, bmi2, adx, sha, fma

Memory: 4k page, system-wide physical 16152M (6386M free)
TotalPageFile size 26271M (AvailPageFile size 4618M)
current process WorkingSet (physical memory assigned to process): 170M, peak: 177M
current process commit charge ("private bytes"): 395M, peak: 404M

vm_info: Java HotSpot(TM) 64-Bit Server VM (11+28) for windows-amd64 JRE (11+28), built on Aug 23 2018 03:03:59 by "mach5one" with MS VC++ 15.5 (VS2017)

END.
