#
# There is insufficient memory for the Java Runtime Environment to continue.
# Native memory allocation (mmap) failed to map 266338304 bytes for Failed to commit area from 0x0000000703800000 to 0x0000000713600000 of length 266338304.
# Possible reasons:
#   The system is out of physical RAM or swap space
#   The process is running with CompressedOops enabled, and the Java Heap may be blocking the growth of the native heap
# Possible solutions:
#   Reduce memory load on the system
#   Increase physical memory or swap space
#   Check if swap backing store is full
#   Decrease Java heap size (-Xmx/-Xms)
#   Decrease number of Java threads
#   Decrease Java thread stack sizes (-Xss)
#   Set larger code cache with -XX:ReservedCodeCacheSize=
# This output file may be truncated or incomplete.
#
#  Out of Memory Error (t:/workspace/open/src/hotspot/os/windows/os_windows.cpp:3269), pid=22752, tid=40084
#
# JRE version:  (11.0+28) (build )
# Java VM: Java HotSpot(TM) 64-Bit Server VM (11+28, mixed mode, aot, sharing, tiered, compressed oops, g1 gc, windows-amd64)
# No core dump will be written. Minidumps are not enabled by default on client versions of Windows
#

---------------  S U M M A R Y ------------

Command Line: -Dmaven.multiModuleProjectDirectory=D:\mySSM\spring_mvc_demo -Dmaven.home=D:\Download\apache-maven-3.5.2-bin\apache-maven-3.5.2 -Dclassworlds.conf=D:\Download\apache-maven-3.5.2-bin\apache-maven-3.5.2\bin\m2.conf -Dmaven.ext.class.path=D:\Download\IntelliJ IDEA 2020.1\plugins\maven\lib\maven-event-listener.jar -Dfile.encoding=UTF-8 org.codehaus.classworlds.Launcher -Didea.version2020.1 --offline --update-snapshots -s D:\Download\apache-maven-3.5.2-bin\apache-maven-3.5.2\conf\settings.xml -Dmaven.repo.local=D:\Download\apache-maven-3.5.2-bin\maven_repository -DskipTests=true compile war:exploded

Host: Intel(R) Core(TM) i5-1035G1 CPU @ 1.00GHz, 8 cores, 15G,  Windows 10 , 64 bit Build 19041 (10.0.19041.1706)
Time: Tue May  9 08:39:18 2023 中国标准时间 elapsed time: 0 seconds (0d 0h 0m 0s)

---------------  T H R E A D  ---------------

Current thread (0x000001ab22f03800):  JavaThread "Unknown thread" [_thread_in_vm, id=40084, stack(0x0000004c9bc00000,0x0000004c9bd00000)]

Stack: [0x0000004c9bc00000,0x0000004c9bd00000]
Native frames: (J=compiled Java code, j=interpreted, Vv=VM code, C=native code)
V  [jvm.dll+0x63c22a]
V  [jvm.dll+0x7797ef]
V  [jvm.dll+0x77adda]
V  [jvm.dll+0x77b493]
V  [jvm.dll+0x262818]
V  [jvm.dll+0x6396da]
V  [jvm.dll+0x62dfb5]
V  [jvm.dll+0x31699c]
V  [jvm.dll+0x316822]
V  [jvm.dll+0x31c096]
V  [jvm.dll+0x3684af]
V  [jvm.dll+0x367ed0]
V  [jvm.dll+0x2f38b8]
V  [jvm.dll+0x2f4a16]
V  [jvm.dll+0x752db7]
V  [jvm.dll+0x7544ff]
V  [jvm.dll+0x3752e9]
V  [jvm.dll+0x7394b9]
V  [jvm.dll+0x3e46fd]
V  [jvm.dll+0x3e69d1]
C  [java.exe+0x3603]
C  [java.exe+0x178dc]
C  [KERNEL32.DLL+0x17034]
C  [ntdll.dll+0x52651]


---------------  P R O C E S S  ---------------

Threads class SMR info:
_java_thread_list=0x000001ab215a3800, length=0, elements={
}

Java Threads: ( => current thread )

Other Threads:
  0x000001ab22f1a800 GCTaskThread "GC Thread#0" [stack: 0x0000004c9bd00000,0x0000004c9be00000] [id=30576]
  0x000001ab22f77800 ConcurrentGCThread "G1 Main Marker" [stack: 0x0000004c9be00000,0x0000004c9bf00000] [id=5564]
  0x000001ab22f79000 ConcurrentGCThread "G1 Conc#0" [stack: 0x0000004c9bf00000,0x0000004c9c000000] [id=27728]

[error occurred during error reporting (printing all threads), id 0xc0000005, EXCEPTION_ACCESS_VIOLATION (0xc0000005) at pc=0x00007fff5ffb2137]

VM state:not at safepoint (not fully initialized)

VM Mutex/Monitor currently owned by a thread:  ([mutex/lock_event])
[0x000001ab22f01330] Heap_lock - owner thread: 0x000001ab22f03800

Heap address: 0x0000000703800000, size: 4040 MB, Compressed Oops mode: Non-zero based: 0x0000000703800000
Narrow klass base: 0x0000000000000000, Narrow klass shift: 0

GC Heap History (0 events):
No events

Deoptimization events (0 events):
No events

Classes redefined (0 events):
No events

Internal exceptions (0 events):
No events

Events (0 events):
No events


Dynamic libraries:
0x00007ff7bd190000 - 0x00007ff7bd1d7000 	D:\Download\jdk-11\bin\java.exe
0x00007fffaea30000 - 0x00007fffaec25000 	C:\WINDOWS\SYSTEM32\ntdll.dll
0x00007fffad2b0000 - 0x00007fffad36d000 	C:\WINDOWS\System32\KERNEL32.DLL
0x00007fffac7b0000 - 0x00007fffaca7d000 	C:\WINDOWS\System32\KERNELBASE.dll
0x00007fffadea0000 - 0x00007fffadf4e000 	C:\WINDOWS\System32\ADVAPI32.dll
0x00007ffface20000 - 0x00007fffacebe000 	C:\WINDOWS\System32\msvcrt.dll
0x00007fffae950000 - 0x00007fffae9ec000 	C:\WINDOWS\System32\sechost.dll
0x00007fffadd70000 - 0x00007fffade95000 	C:\WINDOWS\System32\RPCRT4.dll
0x00007fffaca80000 - 0x00007fffacc20000 	C:\WINDOWS\System32\USER32.dll
0x00007fffac520000 - 0x00007fffac542000 	C:\WINDOWS\System32\win32u.dll
0x00007fffad070000 - 0x00007fffad09a000 	C:\WINDOWS\System32\GDI32.dll
0x00007fffac550000 - 0x00007fffac65b000 	C:\WINDOWS\System32\gdi32full.dll
0x00007fffac2f0000 - 0x00007fffac38d000 	C:\WINDOWS\System32\msvcp_win.dll
0x00007fffac660000 - 0x00007fffac760000 	C:\WINDOWS\System32\ucrtbase.dll
0x00007fff936c0000 - 0x00007fff9395a000 	C:\WINDOWS\WinSxS\amd64_microsoft.windows.common-controls_6595b64144ccf1df_6.0.19041.1110_none_60b5254171f9507e\COMCTL32.dll
0x00007fffabe90000 - 0x00007fffabe9a000 	C:\WINDOWS\SYSTEM32\VERSION.dll
0x00007fffad280000 - 0x00007fffad2b0000 	C:\WINDOWS\System32\IMM32.DLL
0x000000006e250000 - 0x000000006e25c000 	C:\Program Files (x86)\360\360Safe\safemon\SafeWrapper.dll
0x00007fff73110000 - 0x00007fff731b2000 	C:\Program Files (x86)\360\360Safe\safemon\libzdtp64.dll
0x00007fffad380000 - 0x00007fffadac4000 	C:\WINDOWS\System32\SHELL32.dll
0x00007fffae840000 - 0x00007fffae895000 	C:\WINDOWS\System32\SHLWAPI.dll
0x00007fffa22d0000 - 0x00007fffa22e6000 	D:\Download\jdk-11\bin\vcruntime140.dll
0x00007fff6e0e0000 - 0x00007fff6e18a000 	D:\Download\jdk-11\bin\msvcp140.dll
0x00007fff5fcb0000 - 0x00007fff607f2000 	D:\Download\jdk-11\bin\server\jvm.dll
0x00007fffadad0000 - 0x00007fffadad8000 	C:\WINDOWS\System32\PSAPI.DLL
0x00007fff8f9d0000 - 0x00007fff8f9d9000 	C:\WINDOWS\SYSTEM32\WSOCK32.dll
0x00007fff96130000 - 0x00007fff96157000 	C:\WINDOWS\SYSTEM32\WINMM.dll
0x00007fffadcf0000 - 0x00007fffadd5b000 	C:\WINDOWS\System32\WS2_32.dll
0x00007fffaa960000 - 0x00007fffaa972000 	C:\WINDOWS\SYSTEM32\kernel.appcore.dll
0x00007fffa1e00000 - 0x00007fffa1e11000 	D:\Download\jdk-11\bin\verify.dll
0x00007fffa6e60000 - 0x00007fffa7044000 	C:\WINDOWS\SYSTEM32\DBGHELP.DLL
0x00007fff8f9a0000 - 0x00007fff8f9cc000 	C:\WINDOWS\SYSTEM32\dbgcore.DLL
0x00007fffac1f0000 - 0x00007fffac272000 	C:\WINDOWS\System32\bcryptPrimitives.dll
0x00007fff9fe60000 - 0x00007fff9fe89000 	D:\Download\jdk-11\bin\java.dll
0x00007fff9fc40000 - 0x00007fff9fc56000 	D:\Download\jdk-11\bin\zip.dll
0x00007fffa2360000 - 0x00007fffa236a000 	D:\Download\jdk-11\bin\jimage.dll

dbghelp: loaded successfully - version: 4.0.5 - missing functions: none
symbol engine: initialized successfully - sym options: 0x614 - pdb path: .;D:\Download\jdk-11\bin;C:\WINDOWS\SYSTEM32;C:\WINDOWS\WinSxS\amd64_microsoft.windows.common-controls_6595b64144ccf1df_6.0.19041.1110_none_60b5254171f9507e;C:\Program Files (x86)\360\360Safe\safemon;D:\Download\jdk-11\bin\server

VM Arguments:
jvm_args: -Dmaven.multiModuleProjectDirectory=D:\mySSM\spring_mvc_demo -Dmaven.home=D:\Download\apache-maven-3.5.2-bin\apache-maven-3.5.2 -Dclassworlds.conf=D:\Download\apache-maven-3.5.2-bin\apache-maven-3.5.2\bin\m2.conf -Dmaven.ext.class.path=D:\Download\IntelliJ IDEA 2020.1\plugins\maven\lib\maven-event-listener.jar -Dfile.encoding=UTF-8 
java_command: org.codehaus.classworlds.Launcher -Didea.version2020.1 --offline --update-snapshots -s D:\Download\apache-maven-3.5.2-bin\apache-maven-3.5.2\conf\settings.xml -Dmaven.repo.local=D:\Download\apache-maven-3.5.2-bin\maven_repository -DskipTests=true compile war:exploded
java_class_path (initial): D:\Download\apache-maven-3.5.2-bin\apache-maven-3.5.2\boot\plexus-classworlds-2.5.2.jar
Launcher Type: SUN_STANDARD

[Global flags]
     intx CICompilerCount                          = 4                                         {product} {ergonomic}
     uint ConcGCThreads                            = 2                                         {product} {ergonomic}
     uint G1ConcRefinementThreads                  = 8                                         {product} {ergonomic}
   size_t G1HeapRegionSize                         = 1048576                                   {product} {ergonomic}
    uintx GCDrainStackTargetSize                   = 64                                        {product} {ergonomic}
   size_t InitialHeapSize                          = 266338304                                 {product} {ergonomic}
   size_t MarkStackSize                            = 4194304                                   {product} {ergonomic}
   size_t MaxHeapSize                              = 4236247040                                {product} {ergonomic}
   size_t MinHeapDeltaBytes                        = 1048576                                   {product} {ergonomic}
    uintx NonNMethodCodeHeapSize                   = 5835340                                {pd product} {ergonomic}
    uintx NonProfiledCodeHeapSize                  = 122911450                              {pd product} {ergonomic}
    uintx ProfiledCodeHeapSize                     = 122911450                              {pd product} {ergonomic}
    uintx ReservedCodeCacheSize                    = 251658240                              {pd product} {ergonomic}
     bool SegmentedCodeCache                       = true                                      {product} {ergonomic}
     bool UseCompressedClassPointers               = true                                 {lp64_product} {ergonomic}
     bool UseCompressedOops                        = true                                 {lp64_product} {ergonomic}
     bool UseG1GC                                  = true                                      {product} {ergonomic}
     bool UseLargePagesIndividualAllocation        = false                                  {pd product} {ergonomic}

Logging:
Log output configuration:
 #0: stdout all=warning uptime,level,tags
 #1: stderr all=off uptime,level,tags

Environment Variables:
JAVA_HOME=D:\Download\jdk-11
PATH=D:\Download\oracle\product\11.2.0\dbhome_2\bin;D:\Download\oracle\product\11.2.0\dbhome_1\bin;D:\Download\oracle19c\bin;D:\Download\VMware16.0\bin\;D:\Download\jdk-11\bin；C:\Windows\system32;C:\Windows;C:\Windows\System32\Wbem;C:\Windows\System32\WindowsPowerShell\v1.0\;C:\Windows\System32\OpenSSH\;C:\Program Files (x86)\NVIDIA Corporation\PhysX\Common;C:\Program Files\NVIDIA Corporation\NVIDIA NvDLISR;C:\WINDOWS\system32;C:\WINDOWS;C:\WINDOWS\System32\Wbem;C:\WINDOWS\System32\WindowsPowerShell\v1.0\;D:\Download\jdk-11\bin；C:\WINDOWS\System32\OpenSSH\;C:\Program Files (x86)\QuickTime\QTSystem\;D:\BaiduNetdiskDownload\bin;C:\Program Files (x86)\Tencent\QQ\Bin;D:\Download\bin;D:\Download\mysql\bin;D:\Download\apache-maven-3.5.2-bin\apache-maven-3.5.2\bin;D:\Download\Node\;D:\Download\python3.10\Scripts\;D:\Download\python3.10\;C:\Users\86187\AppData\Local\Microsoft\WindowsApps;C:\Users\86187\AppData\Local\Microsoft\WindowsApps;D:\softdownload\PyCharm 2020.1\bin;;C:\Program Files (x86)\Tencent\QQGameTempest\Hall.57915\;D:\Download\IntelliJ IDEA 2020.1\bin;;C:\Users\86187\AppData\Roaming\npm
USERNAME=86187
OS=Windows_NT
PROCESSOR_IDENTIFIER=Intel64 Family 6 Model 126 Stepping 5, GenuineIntel



---------------  S Y S T E M  ---------------

OS: Windows 10 , 64 bit Build 19041 (10.0.19041.1706)

CPU:total 8 (initial active 8) (4 cores per cpu, 2 threads per core) family 6 model 126 stepping 5, cmov, cx8, fxsr, mmx, sse, sse2, sse3, ssse3, sse4.1, sse4.2, popcnt, avx, avx2, aes, clmul, erms, 3dnowpref, lzcnt, ht, tsc, tscinvbit, bmi1, bmi2, adx, sha, fma

Memory: 4k page, system-wide physical 16152M (3819M free)
TotalPageFile size 23693M (AvailPageFile size 92M)
current process WorkingSet (physical memory assigned to process): 11M, peak: 11M
current process commit charge ("private bytes"): 61M, peak: 315M

vm_info: Java HotSpot(TM) 64-Bit Server VM (11+28) for windows-amd64 JRE (11+28), built on Aug 23 2018 03:03:59 by "mach5one" with MS VC++ 15.5 (VS2017)

END.
