#
# There is insufficient memory for the Java Runtime Environment to continue.
# Native memory allocation (malloc) failed to allocate 414896 bytes for Chunk::new
# Possible reasons:
#   The system is out of physical RAM or swap space
#   The process is running with CompressedOops enabled, and the Java Heap may be blocking the growth of the native heap
# Possible solutions:
#   Reduce memory load on the system
#   Increase physical memory or swap space
#   Check if swap backing store is full
#   Decrease Java heap size (-Xmx/-Xms)
#   Decrease number of Java threads
#   Decrease Java thread stack sizes (-Xss)
#   Set larger code cache with -XX:ReservedCodeCacheSize=
#   JVM is running with Zero Based Compressed Oops mode in which the Java heap is
#     placed in the first 32GB address space. The Java Heap base address is the
#     maximum limit for the native heap growth. Please use -XX:HeapBaseMinAddress
#     to set the Java Heap base and to place the Java Heap above 32GB virtual address.
# This output file may be truncated or incomplete.
#
#  Out of Memory Error (t:/workspace/open/src/hotspot/share/memory/arena.cpp:197), pid=26692, tid=2604
#
# JRE version: Java(TM) SE Runtime Environment (11.0+28) (build 11+28)
# Java VM: Java HotSpot(TM) 64-Bit Server VM (11+28, mixed mode, tiered, compressed oops, g1 gc, windows-amd64)
# No core dump will be written. Minidumps are not enabled by default on client versions of Windows
#

---------------  S U M M A R Y ------------

Command Line: -Dmaven.multiModuleProjectDirectory=D:\mySSM\spring_mvc_annotation -Dmaven.home=D:\Download\apache-maven-3.5.2-bin\apache-maven-3.5.2 -Dclassworlds.conf=D:\Download\apache-maven-3.5.2-bin\apache-maven-3.5.2\bin\m2.conf -Dmaven.ext.class.path=D:\Download\IntelliJ IDEA 2020.1\plugins\maven\lib\maven-event-listener.jar -Dfile.encoding=UTF-8 org.codehaus.classworlds.Launcher -Didea.version2020.1 --update-snapshots -s D:\Download\apache-maven-3.5.2-bin\apache-maven-3.5.2\conf\settings.xml -Dmaven.repo.local=D:\Download\apache-maven-3.5.2-bin\maven_repository install

Host: Intel(R) Core(TM) i5-1035G1 CPU @ 1.00GHz, 8 cores, 15G,  Windows 10 , 64 bit Build 19041 (10.0.19041.1706)
Time: Mon May 15 18:33:58 2023 中国标准时间 elapsed time: 9 seconds (0d 0h 0m 9s)

---------------  T H R E A D  ---------------

Current thread (0x0000018b253fc000):  JavaThread "C2 CompilerThread1" daemon [_thread_in_native, id=2604, stack(0x000000043b200000,0x000000043b300000)]


Current CompileTask:
C2:   9511 2555   !   4       org.apache.maven.model.interpolation.AbstractStringBasedModelInterpolator::interpolateInternal (372 bytes)

Stack: [0x000000043b200000,0x000000043b300000]
Native frames: (J=compiled Java code, j=interpreted, Vv=VM code, C=native code)
V  [jvm.dll+0x63c22a]
V  [jvm.dll+0x7797ef]
V  [jvm.dll+0x77adda]
V  [jvm.dll+0x77b493]
V  [jvm.dll+0x262818]
V  [jvm.dll+0xc5c71]
V  [jvm.dll+0xc61fc]
V  [jvm.dll+0x36f927]
V  [jvm.dll+0x33c6d3]
V  [jvm.dll+0x33baaa]
V  [jvm.dll+0x21c7e5]
V  [jvm.dll+0x21b98a]
V  [jvm.dll+0x198390]
V  [jvm.dll+0x22a99f]
V  [jvm.dll+0x228fb8]
V  [jvm.dll+0x73f04d]
V  [jvm.dll+0x63b2c2]
C  [ucrtbase.dll+0x21bb2]
C  [KERNEL32.DLL+0x17034]
C  [ntdll.dll+0x52651]


---------------  P R O C E S S  ---------------

Threads class SMR info:
_java_thread_list=0x0000018b258dd4a0, length=11, elements={
0x0000018b7f7c6000, 0x0000018b2440b000, 0x0000018b24436800, 0x0000018b2449c800,
0x0000018b2449e000, 0x0000018b244a0000, 0x0000018b244a6800, 0x0000018b244bd000,
0x0000018b2462a800, 0x0000018b24635800, 0x0000018b253fc000
}

Java Threads: ( => current thread )
  0x0000018b7f7c6000 JavaThread "main" [_thread_in_native, id=8960, stack(0x000000043a100000,0x000000043a200000)]
  0x0000018b2440b000 JavaThread "Reference Handler" daemon [_thread_blocked, id=6712, stack(0x000000043a800000,0x000000043a900000)]
  0x0000018b24436800 JavaThread "Finalizer" daemon [_thread_blocked, id=22104, stack(0x000000043a900000,0x000000043aa00000)]
  0x0000018b2449c800 JavaThread "Signal Dispatcher" daemon [_thread_blocked, id=26312, stack(0x000000043aa00000,0x000000043ab00000)]
  0x0000018b2449e000 JavaThread "Attach Listener" daemon [_thread_blocked, id=27624, stack(0x000000043ab00000,0x000000043ac00000)]
  0x0000018b244a0000 JavaThread "C2 CompilerThread0" daemon [_thread_in_native, id=19252, stack(0x000000043ac00000,0x000000043ad00000)]
  0x0000018b244a6800 JavaThread "C1 CompilerThread0" daemon [_thread_blocked, id=17164, stack(0x000000043ad00000,0x000000043ae00000)]
  0x0000018b244bd000 JavaThread "Sweeper thread" daemon [_thread_blocked, id=18520, stack(0x000000043ae00000,0x000000043af00000)]
  0x0000018b2462a800 JavaThread "Service Thread" daemon [_thread_blocked, id=24012, stack(0x000000043af00000,0x000000043b000000)]
  0x0000018b24635800 JavaThread "Common-Cleaner" daemon [_thread_blocked, id=10344, stack(0x000000043b100000,0x000000043b200000)]
=>0x0000018b253fc000 JavaThread "C2 CompilerThread1" daemon [_thread_in_native, id=2604, stack(0x000000043b200000,0x000000043b300000)]

Other Threads:
  0x0000018b24408800 VMThread "VM Thread" [stack: 0x000000043a700000,0x000000043a800000] [id=10768]
  0x0000018b24635000 WatcherThread [stack: 0x000000043b000000,0x000000043b100000] [id=26452]
  0x0000018b7f7dc800 GCTaskThread "GC Thread#0" [stack: 0x000000043a200000,0x000000043a300000] [id=14352]
  0x0000018b24abd000 GCTaskThread "GC Thread#1" [stack: 0x000000043b400000,0x000000043b500000] [id=24216]
  0x0000018b25464000 GCTaskThread "GC Thread#2" [stack: 0x000000043b500000,0x000000043b600000] [id=15152]
  0x0000018b25505000 GCTaskThread "GC Thread#3" [stack: 0x000000043b600000,0x000000043b700000] [id=23916]
  0x0000018b24a45800 GCTaskThread "GC Thread#4" [stack: 0x000000043b700000,0x000000043b800000] [id=26792]
  0x0000018b24a46000 GCTaskThread "GC Thread#5" [stack: 0x000000043b800000,0x000000043b900000] [id=23988]
  0x0000018b7f839800 ConcurrentGCThread "G1 Main Marker" [stack: 0x000000043a300000,0x000000043a400000] [id=1536]
  0x0000018b7f83b000 ConcurrentGCThread "G1 Conc#0" [stack: 0x000000043a400000,0x000000043a500000] [id=26284]
  0x0000018b253a1800 ConcurrentGCThread "G1 Conc#1" [stack: 0x000000043b300000,0x000000043b400000] [id=28208]
  0x0000018b23732800 ConcurrentGCThread "G1 Refine#0" [stack: 0x000000043a500000,0x000000043a600000] [id=25208]
  0x0000018b23733800 ConcurrentGCThread "G1 Young RemSet Sampling" [stack: 0x000000043a600000,0x000000043a700000] [id=5512]

Threads with active compile tasks:
C2 CompilerThread02576       4       org.apache.maven.model.interpolation.StringSearchModelInterpolator$InterpolateObjectAction::traverseObjectWithParents (49 bytes)
C2 CompilerThread12555   !   4       org.apache.maven.model.interpolation.AbstractStringBasedModelInterpolator::interpolateInternal (372 bytes)

VM state:not at safepoint (normal execution)

VM Mutex/Monitor currently owned by a thread: None

Heap address: 0x0000000703800000, size: 4040 MB, Compressed Oops mode: Zero based, Oop shift amount: 3
Narrow klass base: 0x0000000800000000, Narrow klass shift: 0
Compressed class space size: 1073741824 Address: 0x0000000800000000

Heap:
 garbage-first heap   total 260096K, used 12238K [0x0000000703800000, 0x0000000800000000)
  region size 1024K, 13 young (13312K), 7 survivors (7168K)
 Metaspace       used 20945K, capacity 21314K, committed 21552K, reserved 1069056K
  class space    used 2242K, capacity 2379K, committed 2432K, reserved 1048576K
Heap Regions: E=young(eden), S=young(survivor), O=old, HS=humongous(starts), HC=humongous(continues), CS=collection set, F=free, A=archive, TAMS=top-at-mark-start (previous, next)
|   0|0x0000000703800000, 0x00000007038a3400, 0x0000000703900000| 63%| O|  |TAMS 0x00000007038a3400, 0x0000000703800000| Untracked 
|   1|0x0000000703900000, 0x0000000703900000, 0x0000000703a00000|  0%| F|  |TAMS 0x0000000703900000, 0x0000000703900000| Untracked 
|   2|0x0000000703a00000, 0x0000000703a00000, 0x0000000703b00000|  0%| F|  |TAMS 0x0000000703a00000, 0x0000000703a00000| Untracked 
|   3|0x0000000703b00000, 0x0000000703b00000, 0x0000000703c00000|  0%| F|  |TAMS 0x0000000703b00000, 0x0000000703b00000| Untracked 
|   4|0x0000000703c00000, 0x0000000703c00000, 0x0000000703d00000|  0%| F|  |TAMS 0x0000000703c00000, 0x0000000703c00000| Untracked 
|   5|0x0000000703d00000, 0x0000000703d00000, 0x0000000703e00000|  0%| F|  |TAMS 0x0000000703d00000, 0x0000000703d00000| Untracked 
|   6|0x0000000703e00000, 0x0000000703e00000, 0x0000000703f00000|  0%| F|  |TAMS 0x0000000703e00000, 0x0000000703e00000| Untracked 
|   7|0x0000000703f00000, 0x0000000703f00000, 0x0000000704000000|  0%| F|  |TAMS 0x0000000703f00000, 0x0000000703f00000| Untracked 
|   8|0x0000000704000000, 0x0000000704000000, 0x0000000704100000|  0%| F|  |TAMS 0x0000000704000000, 0x0000000704000000| Untracked 
|   9|0x0000000704100000, 0x0000000704100000, 0x0000000704200000|  0%| F|  |TAMS 0x0000000704100000, 0x0000000704100000| Untracked 
|  10|0x0000000704200000, 0x0000000704200000, 0x0000000704300000|  0%| F|  |TAMS 0x0000000704200000, 0x0000000704200000| Untracked 
|  11|0x0000000704300000, 0x0000000704300000, 0x0000000704400000|  0%| F|  |TAMS 0x0000000704300000, 0x0000000704300000| Untracked 
|  12|0x0000000704400000, 0x0000000704400000, 0x0000000704500000|  0%| F|  |TAMS 0x0000000704400000, 0x0000000704400000| Untracked 
|  13|0x0000000704500000, 0x0000000704500000, 0x0000000704600000|  0%| F|  |TAMS 0x0000000704500000, 0x0000000704500000| Untracked 
|  14|0x0000000704600000, 0x0000000704600000, 0x0000000704700000|  0%| F|  |TAMS 0x0000000704600000, 0x0000000704600000| Untracked 
|  15|0x0000000704700000, 0x0000000704700000, 0x0000000704800000|  0%| F|  |TAMS 0x0000000704700000, 0x0000000704700000| Untracked 
|  16|0x0000000704800000, 0x0000000704800000, 0x0000000704900000|  0%| F|  |TAMS 0x0000000704800000, 0x0000000704800000| Untracked 
|  17|0x0000000704900000, 0x0000000704900000, 0x0000000704a00000|  0%| F|  |TAMS 0x0000000704900000, 0x0000000704900000| Untracked 
|  18|0x0000000704a00000, 0x0000000704a00000, 0x0000000704b00000|  0%| F|  |TAMS 0x0000000704a00000, 0x0000000704a00000| Untracked 
|  19|0x0000000704b00000, 0x0000000704b00000, 0x0000000704c00000|  0%| F|  |TAMS 0x0000000704b00000, 0x0000000704b00000| Untracked 
|  20|0x0000000704c00000, 0x0000000704c00000, 0x0000000704d00000|  0%| F|  |TAMS 0x0000000704c00000, 0x0000000704c00000| Untracked 
|  21|0x0000000704d00000, 0x0000000704d00000, 0x0000000704e00000|  0%| F|  |TAMS 0x0000000704d00000, 0x0000000704d00000| Untracked 
|  22|0x0000000704e00000, 0x0000000704e00000, 0x0000000704f00000|  0%| F|  |TAMS 0x0000000704e00000, 0x0000000704e00000| Untracked 
|  23|0x0000000704f00000, 0x0000000704f00000, 0x0000000705000000|  0%| F|  |TAMS 0x0000000704f00000, 0x0000000704f00000| Untracked 
|  24|0x0000000705000000, 0x0000000705000000, 0x0000000705100000|  0%| F|  |TAMS 0x0000000705000000, 0x0000000705000000| Untracked 
|  25|0x0000000705100000, 0x0000000705100000, 0x0000000705200000|  0%| F|  |TAMS 0x0000000705100000, 0x0000000705100000| Untracked 
|  26|0x0000000705200000, 0x0000000705200000, 0x0000000705300000|  0%| F|  |TAMS 0x0000000705200000, 0x0000000705200000| Untracked 
|  27|0x0000000705300000, 0x0000000705300000, 0x0000000705400000|  0%| F|  |TAMS 0x0000000705300000, 0x0000000705300000| Untracked 
|  28|0x0000000705400000, 0x0000000705400000, 0x0000000705500000|  0%| F|  |TAMS 0x0000000705400000, 0x0000000705400000| Untracked 
|  29|0x0000000705500000, 0x0000000705500000, 0x0000000705600000|  0%| F|  |TAMS 0x0000000705500000, 0x0000000705500000| Untracked 
|  30|0x0000000705600000, 0x0000000705600000, 0x0000000705700000|  0%| F|  |TAMS 0x0000000705600000, 0x0000000705600000| Untracked 
|  31|0x0000000705700000, 0x0000000705700000, 0x0000000705800000|  0%| F|  |TAMS 0x0000000705700000, 0x0000000705700000| Untracked 
|  32|0x0000000705800000, 0x0000000705800000, 0x0000000705900000|  0%| F|  |TAMS 0x0000000705800000, 0x0000000705800000| Untracked 
|  33|0x0000000705900000, 0x0000000705900000, 0x0000000705a00000|  0%| F|  |TAMS 0x0000000705900000, 0x0000000705900000| Untracked 
|  34|0x0000000705a00000, 0x0000000705a00000, 0x0000000705b00000|  0%| F|  |TAMS 0x0000000705a00000, 0x0000000705a00000| Untracked 
|  35|0x0000000705b00000, 0x0000000705b00000, 0x0000000705c00000|  0%| F|  |TAMS 0x0000000705b00000, 0x0000000705b00000| Untracked 
|  36|0x0000000705c00000, 0x0000000705c00000, 0x0000000705d00000|  0%| F|  |TAMS 0x0000000705c00000, 0x0000000705c00000| Untracked 
|  37|0x0000000705d00000, 0x0000000705d00000, 0x0000000705e00000|  0%| F|  |TAMS 0x0000000705d00000, 0x0000000705d00000| Untracked 
|  38|0x0000000705e00000, 0x0000000705e00000, 0x0000000705f00000|  0%| F|  |TAMS 0x0000000705e00000, 0x0000000705e00000| Untracked 
|  39|0x0000000705f00000, 0x0000000705f00000, 0x0000000706000000|  0%| F|  |TAMS 0x0000000705f00000, 0x0000000705f00000| Untracked 
|  40|0x0000000706000000, 0x0000000706000000, 0x0000000706100000|  0%| F|  |TAMS 0x0000000706000000, 0x0000000706000000| Untracked 
|  41|0x0000000706100000, 0x0000000706100000, 0x0000000706200000|  0%| F|  |TAMS 0x0000000706100000, 0x0000000706100000| Untracked 
|  42|0x0000000706200000, 0x0000000706200000, 0x0000000706300000|  0%| F|  |TAMS 0x0000000706200000, 0x0000000706200000| Untracked 
|  43|0x0000000706300000, 0x0000000706300000, 0x0000000706400000|  0%| F|  |TAMS 0x0000000706300000, 0x0000000706300000| Untracked 
|  44|0x0000000706400000, 0x0000000706400000, 0x0000000706500000|  0%| F|  |TAMS 0x0000000706400000, 0x0000000706400000| Untracked 
|  45|0x0000000706500000, 0x0000000706500000, 0x0000000706600000|  0%| F|  |TAMS 0x0000000706500000, 0x0000000706500000| Untracked 
|  46|0x0000000706600000, 0x0000000706600000, 0x0000000706700000|  0%| F|  |TAMS 0x0000000706600000, 0x0000000706600000| Untracked 
|  47|0x0000000706700000, 0x0000000706700000, 0x0000000706800000|  0%| F|  |TAMS 0x0000000706700000, 0x0000000706700000| Untracked 
|  48|0x0000000706800000, 0x0000000706800000, 0x0000000706900000|  0%| F|  |TAMS 0x0000000706800000, 0x0000000706800000| Untracked 
|  49|0x0000000706900000, 0x0000000706900000, 0x0000000706a00000|  0%| F|  |TAMS 0x0000000706900000, 0x0000000706900000| Untracked 
|  50|0x0000000706a00000, 0x0000000706a00000, 0x0000000706b00000|  0%| F|  |TAMS 0x0000000706a00000, 0x0000000706a00000| Untracked 
|  51|0x0000000706b00000, 0x0000000706b00000, 0x0000000706c00000|  0%| F|  |TAMS 0x0000000706b00000, 0x0000000706b00000| Untracked 
|  52|0x0000000706c00000, 0x0000000706c00000, 0x0000000706d00000|  0%| F|  |TAMS 0x0000000706c00000, 0x0000000706c00000| Untracked 
|  53|0x0000000706d00000, 0x0000000706d00000, 0x0000000706e00000|  0%| F|  |TAMS 0x0000000706d00000, 0x0000000706d00000| Untracked 
|  54|0x0000000706e00000, 0x0000000706e00000, 0x0000000706f00000|  0%| F|  |TAMS 0x0000000706e00000, 0x0000000706e00000| Untracked 
|  55|0x0000000706f00000, 0x0000000706f00000, 0x0000000707000000|  0%| F|  |TAMS 0x0000000706f00000, 0x0000000706f00000| Untracked 
|  56|0x0000000707000000, 0x0000000707000000, 0x0000000707100000|  0%| F|  |TAMS 0x0000000707000000, 0x0000000707000000| Untracked 
|  57|0x0000000707100000, 0x0000000707100000, 0x0000000707200000|  0%| F|  |TAMS 0x0000000707100000, 0x0000000707100000| Untracked 
|  58|0x0000000707200000, 0x0000000707200000, 0x0000000707300000|  0%| F|  |TAMS 0x0000000707200000, 0x0000000707200000| Untracked 
|  59|0x0000000707300000, 0x0000000707300000, 0x0000000707400000|  0%| F|  |TAMS 0x0000000707300000, 0x0000000707300000| Untracked 
|  60|0x0000000707400000, 0x0000000707400000, 0x0000000707500000|  0%| F|  |TAMS 0x0000000707400000, 0x0000000707400000| Untracked 
|  61|0x0000000707500000, 0x0000000707500000, 0x0000000707600000|  0%| F|  |TAMS 0x0000000707500000, 0x0000000707500000| Untracked 
|  62|0x0000000707600000, 0x0000000707600000, 0x0000000707700000|  0%| F|  |TAMS 0x0000000707600000, 0x0000000707600000| Untracked 
|  63|0x0000000707700000, 0x0000000707700000, 0x0000000707800000|  0%| F|  |TAMS 0x0000000707700000, 0x0000000707700000| Untracked 
|  64|0x0000000707800000, 0x0000000707800000, 0x0000000707900000|  0%| F|  |TAMS 0x0000000707800000, 0x0000000707800000| Untracked 
|  65|0x0000000707900000, 0x0000000707900000, 0x0000000707a00000|  0%| F|  |TAMS 0x0000000707900000, 0x0000000707900000| Untracked 
|  66|0x0000000707a00000, 0x0000000707a00000, 0x0000000707b00000|  0%| F|  |TAMS 0x0000000707a00000, 0x0000000707a00000| Untracked 
|  67|0x0000000707b00000, 0x0000000707b00000, 0x0000000707c00000|  0%| F|  |TAMS 0x0000000707b00000, 0x0000000707b00000| Untracked 
|  68|0x0000000707c00000, 0x0000000707c00000, 0x0000000707d00000|  0%| F|  |TAMS 0x0000000707c00000, 0x0000000707c00000| Untracked 
|  69|0x0000000707d00000, 0x0000000707d00000, 0x0000000707e00000|  0%| F|  |TAMS 0x0000000707d00000, 0x0000000707d00000| Untracked 
|  70|0x0000000707e00000, 0x0000000707e00000, 0x0000000707f00000|  0%| F|  |TAMS 0x0000000707e00000, 0x0000000707e00000| Untracked 
|  71|0x0000000707f00000, 0x0000000707f00000, 0x0000000708000000|  0%| F|  |TAMS 0x0000000707f00000, 0x0000000707f00000| Untracked 
|  72|0x0000000708000000, 0x0000000708000000, 0x0000000708100000|  0%| F|  |TAMS 0x0000000708000000, 0x0000000708000000| Untracked 
|  73|0x0000000708100000, 0x0000000708100000, 0x0000000708200000|  0%| F|  |TAMS 0x0000000708100000, 0x0000000708100000| Untracked 
|  74|0x0000000708200000, 0x0000000708200000, 0x0000000708300000|  0%| F|  |TAMS 0x0000000708200000, 0x0000000708200000| Untracked 
|  75|0x0000000708300000, 0x0000000708300000, 0x0000000708400000|  0%| F|  |TAMS 0x0000000708300000, 0x0000000708300000| Untracked 
|  76|0x0000000708400000, 0x0000000708400000, 0x0000000708500000|  0%| F|  |TAMS 0x0000000708400000, 0x0000000708400000| Untracked 
|  77|0x0000000708500000, 0x0000000708500000, 0x0000000708600000|  0%| F|  |TAMS 0x0000000708500000, 0x0000000708500000| Untracked 
|  78|0x0000000708600000, 0x0000000708600000, 0x0000000708700000|  0%| F|  |TAMS 0x0000000708600000, 0x0000000708600000| Untracked 
|  79|0x0000000708700000, 0x0000000708700000, 0x0000000708800000|  0%| F|  |TAMS 0x0000000708700000, 0x0000000708700000| Untracked 
|  80|0x0000000708800000, 0x0000000708800000, 0x0000000708900000|  0%| F|  |TAMS 0x0000000708800000, 0x0000000708800000| Untracked 
|  81|0x0000000708900000, 0x0000000708900000, 0x0000000708a00000|  0%| F|  |TAMS 0x0000000708900000, 0x0000000708900000| Untracked 
|  82|0x0000000708a00000, 0x0000000708a00000, 0x0000000708b00000|  0%| F|  |TAMS 0x0000000708a00000, 0x0000000708a00000| Untracked 
|  83|0x0000000708b00000, 0x0000000708b00000, 0x0000000708c00000|  0%| F|  |TAMS 0x0000000708b00000, 0x0000000708b00000| Untracked 
|  84|0x0000000708c00000, 0x0000000708c00000, 0x0000000708d00000|  0%| F|  |TAMS 0x0000000708c00000, 0x0000000708c00000| Untracked 
|  85|0x0000000708d00000, 0x0000000708d00000, 0x0000000708e00000|  0%| F|  |TAMS 0x0000000708d00000, 0x0000000708d00000| Untracked 
|  86|0x0000000708e00000, 0x0000000708e00000, 0x0000000708f00000|  0%| F|  |TAMS 0x0000000708e00000, 0x0000000708e00000| Untracked 
|  87|0x0000000708f00000, 0x0000000708f00000, 0x0000000709000000|  0%| F|  |TAMS 0x0000000708f00000, 0x0000000708f00000| Untracked 
|  88|0x0000000709000000, 0x0000000709000000, 0x0000000709100000|  0%| F|  |TAMS 0x0000000709000000, 0x0000000709000000| Untracked 
|  89|0x0000000709100000, 0x0000000709100000, 0x0000000709200000|  0%| F|  |TAMS 0x0000000709100000, 0x0000000709100000| Untracked 
|  90|0x0000000709200000, 0x0000000709200000, 0x0000000709300000|  0%| F|  |TAMS 0x0000000709200000, 0x0000000709200000| Untracked 
|  91|0x0000000709300000, 0x0000000709300000, 0x0000000709400000|  0%| F|  |TAMS 0x0000000709300000, 0x0000000709300000| Untracked 
|  92|0x0000000709400000, 0x0000000709400000, 0x0000000709500000|  0%| F|  |TAMS 0x0000000709400000, 0x0000000709400000| Untracked 
|  93|0x0000000709500000, 0x0000000709500000, 0x0000000709600000|  0%| F|  |TAMS 0x0000000709500000, 0x0000000709500000| Untracked 
|  94|0x0000000709600000, 0x0000000709600000, 0x0000000709700000|  0%| F|  |TAMS 0x0000000709600000, 0x0000000709600000| Untracked 
|  95|0x0000000709700000, 0x0000000709700000, 0x0000000709800000|  0%| F|  |TAMS 0x0000000709700000, 0x0000000709700000| Untracked 
|  96|0x0000000709800000, 0x0000000709800000, 0x0000000709900000|  0%| F|  |TAMS 0x0000000709800000, 0x0000000709800000| Untracked 
|  97|0x0000000709900000, 0x0000000709900000, 0x0000000709a00000|  0%| F|  |TAMS 0x0000000709900000, 0x0000000709900000| Untracked 
|  98|0x0000000709a00000, 0x0000000709a00000, 0x0000000709b00000|  0%| F|  |TAMS 0x0000000709a00000, 0x0000000709a00000| Untracked 
|  99|0x0000000709b00000, 0x0000000709b00000, 0x0000000709c00000|  0%| F|  |TAMS 0x0000000709b00000, 0x0000000709b00000| Untracked 
| 100|0x0000000709c00000, 0x0000000709c00000, 0x0000000709d00000|  0%| F|  |TAMS 0x0000000709c00000, 0x0000000709c00000| Untracked 
| 101|0x0000000709d00000, 0x0000000709d00000, 0x0000000709e00000|  0%| F|  |TAMS 0x0000000709d00000, 0x0000000709d00000| Untracked 
| 102|0x0000000709e00000, 0x0000000709e00000, 0x0000000709f00000|  0%| F|  |TAMS 0x0000000709e00000, 0x0000000709e00000| Untracked 
| 103|0x0000000709f00000, 0x0000000709f00000, 0x000000070a000000|  0%| F|  |TAMS 0x0000000709f00000, 0x0000000709f00000| Untracked 
| 104|0x000000070a000000, 0x000000070a000000, 0x000000070a100000|  0%| F|  |TAMS 0x000000070a000000, 0x000000070a000000| Untracked 
| 105|0x000000070a100000, 0x000000070a100000, 0x000000070a200000|  0%| F|  |TAMS 0x000000070a100000, 0x000000070a100000| Untracked 
| 106|0x000000070a200000, 0x000000070a200000, 0x000000070a300000|  0%| F|  |TAMS 0x000000070a200000, 0x000000070a200000| Untracked 
| 107|0x000000070a300000, 0x000000070a300000, 0x000000070a400000|  0%| F|  |TAMS 0x000000070a300000, 0x000000070a300000| Untracked 
| 108|0x000000070a400000, 0x000000070a400000, 0x000000070a500000|  0%| F|  |TAMS 0x000000070a400000, 0x000000070a400000| Untracked 
| 109|0x000000070a500000, 0x000000070a500000, 0x000000070a600000|  0%| F|  |TAMS 0x000000070a500000, 0x000000070a500000| Untracked 
| 110|0x000000070a600000, 0x000000070a600000, 0x000000070a700000|  0%| F|  |TAMS 0x000000070a600000, 0x000000070a600000| Untracked 
| 111|0x000000070a700000, 0x000000070a700000, 0x000000070a800000|  0%| F|  |TAMS 0x000000070a700000, 0x000000070a700000| Untracked 
| 112|0x000000070a800000, 0x000000070a800000, 0x000000070a900000|  0%| F|  |TAMS 0x000000070a800000, 0x000000070a800000| Untracked 
| 113|0x000000070a900000, 0x000000070a900000, 0x000000070aa00000|  0%| F|  |TAMS 0x000000070a900000, 0x000000070a900000| Untracked 
| 114|0x000000070aa00000, 0x000000070aa00000, 0x000000070ab00000|  0%| F|  |TAMS 0x000000070aa00000, 0x000000070aa00000| Untracked 
| 115|0x000000070ab00000, 0x000000070ab00000, 0x000000070ac00000|  0%| F|  |TAMS 0x000000070ab00000, 0x000000070ab00000| Untracked 
| 116|0x000000070ac00000, 0x000000070ac00000, 0x000000070ad00000|  0%| F|  |TAMS 0x000000070ac00000, 0x000000070ac00000| Untracked 
| 117|0x000000070ad00000, 0x000000070ad00000, 0x000000070ae00000|  0%| F|  |TAMS 0x000000070ad00000, 0x000000070ad00000| Untracked 
| 118|0x000000070ae00000, 0x000000070ae00000, 0x000000070af00000|  0%| F|  |TAMS 0x000000070ae00000, 0x000000070ae00000| Untracked 
| 119|0x000000070af00000, 0x000000070af00000, 0x000000070b000000|  0%| F|  |TAMS 0x000000070af00000, 0x000000070af00000| Untracked 
| 120|0x000000070b000000, 0x000000070b000000, 0x000000070b100000|  0%| F|  |TAMS 0x000000070b000000, 0x000000070b000000| Untracked 
| 121|0x000000070b100000, 0x000000070b100000, 0x000000070b200000|  0%| F|  |TAMS 0x000000070b100000, 0x000000070b100000| Untracked 
| 122|0x000000070b200000, 0x000000070b200000, 0x000000070b300000|  0%| F|  |TAMS 0x000000070b200000, 0x000000070b200000| Untracked 
| 123|0x000000070b300000, 0x000000070b300000, 0x000000070b400000|  0%| F|  |TAMS 0x000000070b300000, 0x000000070b300000| Untracked 
| 124|0x000000070b400000, 0x000000070b400000, 0x000000070b500000|  0%| F|  |TAMS 0x000000070b400000, 0x000000070b400000| Untracked 
| 125|0x000000070b500000, 0x000000070b500000, 0x000000070b600000|  0%| F|  |TAMS 0x000000070b500000, 0x000000070b500000| Untracked 
| 126|0x000000070b600000, 0x000000070b600000, 0x000000070b700000|  0%| F|  |TAMS 0x000000070b600000, 0x000000070b600000| Untracked 
| 127|0x000000070b700000, 0x000000070b700000, 0x000000070b800000|  0%| F|  |TAMS 0x000000070b700000, 0x000000070b700000| Untracked 
| 128|0x000000070b800000, 0x000000070b800000, 0x000000070b900000|  0%| F|  |TAMS 0x000000070b800000, 0x000000070b800000| Untracked 
| 129|0x000000070b900000, 0x000000070b900000, 0x000000070ba00000|  0%| F|  |TAMS 0x000000070b900000, 0x000000070b900000| Untracked 
| 130|0x000000070ba00000, 0x000000070ba00000, 0x000000070bb00000|  0%| F|  |TAMS 0x000000070ba00000, 0x000000070ba00000| Untracked 
| 131|0x000000070bb00000, 0x000000070bb00000, 0x000000070bc00000|  0%| F|  |TAMS 0x000000070bb00000, 0x000000070bb00000| Untracked 
| 132|0x000000070bc00000, 0x000000070bc00000, 0x000000070bd00000|  0%| F|  |TAMS 0x000000070bc00000, 0x000000070bc00000| Untracked 
| 133|0x000000070bd00000, 0x000000070bd00000, 0x000000070be00000|  0%| F|  |TAMS 0x000000070bd00000, 0x000000070bd00000| Untracked 
| 134|0x000000070be00000, 0x000000070be00000, 0x000000070bf00000|  0%| F|  |TAMS 0x000000070be00000, 0x000000070be00000| Untracked 
| 135|0x000000070bf00000, 0x000000070bf00000, 0x000000070c000000|  0%| F|  |TAMS 0x000000070bf00000, 0x000000070bf00000| Untracked 
| 136|0x000000070c000000, 0x000000070c000000, 0x000000070c100000|  0%| F|  |TAMS 0x000000070c000000, 0x000000070c000000| Untracked 
| 137|0x000000070c100000, 0x000000070c100000, 0x000000070c200000|  0%| F|  |TAMS 0x000000070c100000, 0x000000070c100000| Untracked 
| 138|0x000000070c200000, 0x000000070c200000, 0x000000070c300000|  0%| F|  |TAMS 0x000000070c200000, 0x000000070c200000| Untracked 
| 139|0x000000070c300000, 0x000000070c300000, 0x000000070c400000|  0%| F|  |TAMS 0x000000070c300000, 0x000000070c300000| Untracked 
| 140|0x000000070c400000, 0x000000070c400000, 0x000000070c500000|  0%| F|  |TAMS 0x000000070c400000, 0x000000070c400000| Untracked 
| 141|0x000000070c500000, 0x000000070c500000, 0x000000070c600000|  0%| F|  |TAMS 0x000000070c500000, 0x000000070c500000| Untracked 
| 142|0x000000070c600000, 0x000000070c600000, 0x000000070c700000|  0%| F|  |TAMS 0x000000070c600000, 0x000000070c600000| Untracked 
| 143|0x000000070c700000, 0x000000070c700000, 0x000000070c800000|  0%| F|  |TAMS 0x000000070c700000, 0x000000070c700000| Untracked 
| 144|0x000000070c800000, 0x000000070c800000, 0x000000070c900000|  0%| F|  |TAMS 0x000000070c800000, 0x000000070c800000| Untracked 
| 145|0x000000070c900000, 0x000000070c900000, 0x000000070ca00000|  0%| F|  |TAMS 0x000000070c900000, 0x000000070c900000| Untracked 
| 146|0x000000070ca00000, 0x000000070ca00000, 0x000000070cb00000|  0%| F|  |TAMS 0x000000070ca00000, 0x000000070ca00000| Untracked 
| 147|0x000000070cb00000, 0x000000070cb00000, 0x000000070cc00000|  0%| F|  |TAMS 0x000000070cb00000, 0x000000070cb00000| Untracked 
| 148|0x000000070cc00000, 0x000000070cc00000, 0x000000070cd00000|  0%| F|  |TAMS 0x000000070cc00000, 0x000000070cc00000| Untracked 
| 149|0x000000070cd00000, 0x000000070cd00000, 0x000000070ce00000|  0%| F|  |TAMS 0x000000070cd00000, 0x000000070cd00000| Untracked 
| 150|0x000000070ce00000, 0x000000070ce00000, 0x000000070cf00000|  0%| F|  |TAMS 0x000000070ce00000, 0x000000070ce00000| Untracked 
| 151|0x000000070cf00000, 0x000000070cf00000, 0x000000070d000000|  0%| F|  |TAMS 0x000000070cf00000, 0x000000070cf00000| Untracked 
| 152|0x000000070d000000, 0x000000070d000000, 0x000000070d100000|  0%| F|  |TAMS 0x000000070d000000, 0x000000070d000000| Untracked 
| 153|0x000000070d100000, 0x000000070d100000, 0x000000070d200000|  0%| F|  |TAMS 0x000000070d100000, 0x000000070d100000| Untracked 
| 154|0x000000070d200000, 0x000000070d200000, 0x000000070d300000|  0%| F|  |TAMS 0x000000070d200000, 0x000000070d200000| Untracked 
| 155|0x000000070d300000, 0x000000070d300000, 0x000000070d400000|  0%| F|  |TAMS 0x000000070d300000, 0x000000070d300000| Untracked 
| 156|0x000000070d400000, 0x000000070d400000, 0x000000070d500000|  0%| F|  |TAMS 0x000000070d400000, 0x000000070d400000| Untracked 
| 157|0x000000070d500000, 0x000000070d500000, 0x000000070d600000|  0%| F|  |TAMS 0x000000070d500000, 0x000000070d500000| Untracked 
| 158|0x000000070d600000, 0x000000070d600000, 0x000000070d700000|  0%| F|  |TAMS 0x000000070d600000, 0x000000070d600000| Untracked 
| 159|0x000000070d700000, 0x000000070d700000, 0x000000070d800000|  0%| F|  |TAMS 0x000000070d700000, 0x000000070d700000| Untracked 
| 160|0x000000070d800000, 0x000000070d800000, 0x000000070d900000|  0%| F|  |TAMS 0x000000070d800000, 0x000000070d800000| Untracked 
| 161|0x000000070d900000, 0x000000070d900000, 0x000000070da00000|  0%| F|  |TAMS 0x000000070d900000, 0x000000070d900000| Untracked 
| 162|0x000000070da00000, 0x000000070da00000, 0x000000070db00000|  0%| F|  |TAMS 0x000000070da00000, 0x000000070da00000| Untracked 
| 163|0x000000070db00000, 0x000000070db00000, 0x000000070dc00000|  0%| F|  |TAMS 0x000000070db00000, 0x000000070db00000| Untracked 
| 164|0x000000070dc00000, 0x000000070dc00000, 0x000000070dd00000|  0%| F|  |TAMS 0x000000070dc00000, 0x000000070dc00000| Untracked 
| 165|0x000000070dd00000, 0x000000070dd00000, 0x000000070de00000|  0%| F|  |TAMS 0x000000070dd00000, 0x000000070dd00000| Untracked 
| 166|0x000000070de00000, 0x000000070de00000, 0x000000070df00000|  0%| F|  |TAMS 0x000000070de00000, 0x000000070de00000| Untracked 
| 167|0x000000070df00000, 0x000000070df00000, 0x000000070e000000|  0%| F|  |TAMS 0x000000070df00000, 0x000000070df00000| Untracked 
| 168|0x000000070e000000, 0x000000070e000000, 0x000000070e100000|  0%| F|  |TAMS 0x000000070e000000, 0x000000070e000000| Untracked 
| 169|0x000000070e100000, 0x000000070e100000, 0x000000070e200000|  0%| F|  |TAMS 0x000000070e100000, 0x000000070e100000| Untracked 
| 170|0x000000070e200000, 0x000000070e200000, 0x000000070e300000|  0%| F|  |TAMS 0x000000070e200000, 0x000000070e200000| Untracked 
| 171|0x000000070e300000, 0x000000070e300000, 0x000000070e400000|  0%| F|  |TAMS 0x000000070e300000, 0x000000070e300000| Untracked 
| 172|0x000000070e400000, 0x000000070e400000, 0x000000070e500000|  0%| F|  |TAMS 0x000000070e400000, 0x000000070e400000| Untracked 
| 173|0x000000070e500000, 0x000000070e500000, 0x000000070e600000|  0%| F|  |TAMS 0x000000070e500000, 0x000000070e500000| Untracked 
| 174|0x000000070e600000, 0x000000070e600000, 0x000000070e700000|  0%| F|  |TAMS 0x000000070e600000, 0x000000070e600000| Untracked 
| 175|0x000000070e700000, 0x000000070e700000, 0x000000070e800000|  0%| F|  |TAMS 0x000000070e700000, 0x000000070e700000| Untracked 
| 176|0x000000070e800000, 0x000000070e800000, 0x000000070e900000|  0%| F|  |TAMS 0x000000070e800000, 0x000000070e800000| Untracked 
| 177|0x000000070e900000, 0x000000070e900000, 0x000000070ea00000|  0%| F|  |TAMS 0x000000070e900000, 0x000000070e900000| Untracked 
| 178|0x000000070ea00000, 0x000000070ea00000, 0x000000070eb00000|  0%| F|  |TAMS 0x000000070ea00000, 0x000000070ea00000| Untracked 
| 179|0x000000070eb00000, 0x000000070eb00000, 0x000000070ec00000|  0%| F|  |TAMS 0x000000070eb00000, 0x000000070eb00000| Untracked 
| 180|0x000000070ec00000, 0x000000070ec00000, 0x000000070ed00000|  0%| F|  |TAMS 0x000000070ec00000, 0x000000070ec00000| Untracked 
| 181|0x000000070ed00000, 0x000000070ed00000, 0x000000070ee00000|  0%| F|  |TAMS 0x000000070ed00000, 0x000000070ed00000| Untracked 
| 182|0x000000070ee00000, 0x000000070ee00000, 0x000000070ef00000|  0%| F|  |TAMS 0x000000070ee00000, 0x000000070ee00000| Untracked 
| 183|0x000000070ef00000, 0x000000070ef00000, 0x000000070f000000|  0%| F|  |TAMS 0x000000070ef00000, 0x000000070ef00000| Untracked 
| 184|0x000000070f000000, 0x000000070f000000, 0x000000070f100000|  0%| F|  |TAMS 0x000000070f000000, 0x000000070f000000| Untracked 
| 185|0x000000070f100000, 0x000000070f100000, 0x000000070f200000|  0%| F|  |TAMS 0x000000070f100000, 0x000000070f100000| Untracked 
| 186|0x000000070f200000, 0x000000070f200000, 0x000000070f300000|  0%| F|  |TAMS 0x000000070f200000, 0x000000070f200000| Untracked 
| 187|0x000000070f300000, 0x000000070f3505c8, 0x000000070f400000| 31%| S|CS|TAMS 0x000000070f300000, 0x000000070f300000| Complete 
| 188|0x000000070f400000, 0x000000070f500000, 0x000000070f500000|100%| S|CS|TAMS 0x000000070f400000, 0x000000070f400000| Complete 
| 189|0x000000070f500000, 0x000000070f600000, 0x000000070f600000|100%| S|CS|TAMS 0x000000070f500000, 0x000000070f500000| Complete 
| 190|0x000000070f600000, 0x000000070f700000, 0x000000070f700000|100%| S|CS|TAMS 0x000000070f600000, 0x000000070f600000| Complete 
| 191|0x000000070f700000, 0x000000070f800000, 0x000000070f800000|100%| S|CS|TAMS 0x000000070f700000, 0x000000070f700000| Complete 
| 192|0x000000070f800000, 0x000000070f900000, 0x000000070f900000|100%| S|CS|TAMS 0x000000070f800000, 0x000000070f800000| Complete 
| 193|0x000000070f900000, 0x000000070fa00000, 0x000000070fa00000|100%| S|CS|TAMS 0x000000070f900000, 0x000000070f900000| Complete 
| 194|0x000000070fa00000, 0x000000070fa00000, 0x000000070fb00000|  0%| F|  |TAMS 0x000000070fa00000, 0x000000070fa00000| Untracked 
| 195|0x000000070fb00000, 0x000000070fb00000, 0x000000070fc00000|  0%| F|  |TAMS 0x000000070fb00000, 0x000000070fb00000| Untracked 
| 196|0x000000070fc00000, 0x000000070fc00000, 0x000000070fd00000|  0%| F|  |TAMS 0x000000070fc00000, 0x000000070fc00000| Untracked 
| 197|0x000000070fd00000, 0x000000070fd00000, 0x000000070fe00000|  0%| F|  |TAMS 0x000000070fd00000, 0x000000070fd00000| Untracked 
| 198|0x000000070fe00000, 0x000000070fe00000, 0x000000070ff00000|  0%| F|  |TAMS 0x000000070fe00000, 0x000000070fe00000| Untracked 
| 199|0x000000070ff00000, 0x000000070ff00000, 0x0000000710000000|  0%| F|  |TAMS 0x000000070ff00000, 0x000000070ff00000| Untracked 
| 200|0x0000000710000000, 0x0000000710000000, 0x0000000710100000|  0%| F|  |TAMS 0x0000000710000000, 0x0000000710000000| Untracked 
| 201|0x0000000710100000, 0x0000000710100000, 0x0000000710200000|  0%| F|  |TAMS 0x0000000710100000, 0x0000000710100000| Untracked 
| 202|0x0000000710200000, 0x0000000710200000, 0x0000000710300000|  0%| F|  |TAMS 0x0000000710200000, 0x0000000710200000| Untracked 
| 203|0x0000000710300000, 0x0000000710300000, 0x0000000710400000|  0%| F|  |TAMS 0x0000000710300000, 0x0000000710300000| Untracked 
| 204|0x0000000710400000, 0x0000000710400000, 0x0000000710500000|  0%| F|  |TAMS 0x0000000710400000, 0x0000000710400000| Untracked 
| 205|0x0000000710500000, 0x0000000710500000, 0x0000000710600000|  0%| F|  |TAMS 0x0000000710500000, 0x0000000710500000| Untracked 
| 206|0x0000000710600000, 0x0000000710600000, 0x0000000710700000|  0%| F|  |TAMS 0x0000000710600000, 0x0000000710600000| Untracked 
| 207|0x0000000710700000, 0x0000000710700000, 0x0000000710800000|  0%| F|  |TAMS 0x0000000710700000, 0x0000000710700000| Untracked 
| 208|0x0000000710800000, 0x0000000710800000, 0x0000000710900000|  0%| F|  |TAMS 0x0000000710800000, 0x0000000710800000| Untracked 
| 209|0x0000000710900000, 0x0000000710900000, 0x0000000710a00000|  0%| F|  |TAMS 0x0000000710900000, 0x0000000710900000| Untracked 
| 210|0x0000000710a00000, 0x0000000710a00000, 0x0000000710b00000|  0%| F|  |TAMS 0x0000000710a00000, 0x0000000710a00000| Untracked 
| 211|0x0000000710b00000, 0x0000000710b00000, 0x0000000710c00000|  0%| F|  |TAMS 0x0000000710b00000, 0x0000000710b00000| Untracked 
| 212|0x0000000710c00000, 0x0000000710c00000, 0x0000000710d00000|  0%| F|  |TAMS 0x0000000710c00000, 0x0000000710c00000| Untracked 
| 213|0x0000000710d00000, 0x0000000710d00000, 0x0000000710e00000|  0%| F|  |TAMS 0x0000000710d00000, 0x0000000710d00000| Untracked 
| 214|0x0000000710e00000, 0x0000000710e00000, 0x0000000710f00000|  0%| F|  |TAMS 0x0000000710e00000, 0x0000000710e00000| Untracked 
| 215|0x0000000710f00000, 0x0000000710f00000, 0x0000000711000000|  0%| F|  |TAMS 0x0000000710f00000, 0x0000000710f00000| Untracked 
| 216|0x0000000711000000, 0x0000000711000000, 0x0000000711100000|  0%| F|  |TAMS 0x0000000711000000, 0x0000000711000000| Untracked 
| 217|0x0000000711100000, 0x0000000711100000, 0x0000000711200000|  0%| F|  |TAMS 0x0000000711100000, 0x0000000711100000| Untracked 
| 218|0x0000000711200000, 0x0000000711200000, 0x0000000711300000|  0%| F|  |TAMS 0x0000000711200000, 0x0000000711200000| Untracked 
| 219|0x0000000711300000, 0x0000000711300000, 0x0000000711400000|  0%| F|  |TAMS 0x0000000711300000, 0x0000000711300000| Untracked 
| 220|0x0000000711400000, 0x0000000711400000, 0x0000000711500000|  0%| F|  |TAMS 0x0000000711400000, 0x0000000711400000| Untracked 
| 221|0x0000000711500000, 0x0000000711500000, 0x0000000711600000|  0%| F|  |TAMS 0x0000000711500000, 0x0000000711500000| Untracked 
| 222|0x0000000711600000, 0x0000000711600000, 0x0000000711700000|  0%| F|  |TAMS 0x0000000711600000, 0x0000000711600000| Untracked 
| 223|0x0000000711700000, 0x0000000711700000, 0x0000000711800000|  0%| F|  |TAMS 0x0000000711700000, 0x0000000711700000| Untracked 
| 224|0x0000000711800000, 0x0000000711800000, 0x0000000711900000|  0%| F|  |TAMS 0x0000000711800000, 0x0000000711800000| Untracked 
| 225|0x0000000711900000, 0x0000000711900000, 0x0000000711a00000|  0%| F|  |TAMS 0x0000000711900000, 0x0000000711900000| Untracked 
| 226|0x0000000711a00000, 0x0000000711a00000, 0x0000000711b00000|  0%| F|  |TAMS 0x0000000711a00000, 0x0000000711a00000| Untracked 
| 227|0x0000000711b00000, 0x0000000711b00000, 0x0000000711c00000|  0%| F|  |TAMS 0x0000000711b00000, 0x0000000711b00000| Untracked 
| 228|0x0000000711c00000, 0x0000000711c00000, 0x0000000711d00000|  0%| F|  |TAMS 0x0000000711c00000, 0x0000000711c00000| Untracked 
| 229|0x0000000711d00000, 0x0000000711d00000, 0x0000000711e00000|  0%| F|  |TAMS 0x0000000711d00000, 0x0000000711d00000| Untracked 
| 230|0x0000000711e00000, 0x0000000711e00000, 0x0000000711f00000|  0%| F|  |TAMS 0x0000000711e00000, 0x0000000711e00000| Untracked 
| 231|0x0000000711f00000, 0x0000000711f00000, 0x0000000712000000|  0%| F|  |TAMS 0x0000000711f00000, 0x0000000711f00000| Untracked 
| 232|0x0000000712000000, 0x0000000712000000, 0x0000000712100000|  0%| F|  |TAMS 0x0000000712000000, 0x0000000712000000| Untracked 
| 233|0x0000000712100000, 0x0000000712100000, 0x0000000712200000|  0%| F|  |TAMS 0x0000000712100000, 0x0000000712100000| Untracked 
| 234|0x0000000712200000, 0x0000000712200000, 0x0000000712300000|  0%| F|  |TAMS 0x0000000712200000, 0x0000000712200000| Untracked 
| 235|0x0000000712300000, 0x0000000712300000, 0x0000000712400000|  0%| F|  |TAMS 0x0000000712300000, 0x0000000712300000| Untracked 
| 236|0x0000000712400000, 0x0000000712400000, 0x0000000712500000|  0%| F|  |TAMS 0x0000000712400000, 0x0000000712400000| Untracked 
| 237|0x0000000712500000, 0x0000000712500000, 0x0000000712600000|  0%| F|  |TAMS 0x0000000712500000, 0x0000000712500000| Untracked 
| 238|0x0000000712600000, 0x0000000712600000, 0x0000000712700000|  0%| F|  |TAMS 0x0000000712600000, 0x0000000712600000| Untracked 
| 239|0x0000000712700000, 0x0000000712700000, 0x0000000712800000|  0%| F|  |TAMS 0x0000000712700000, 0x0000000712700000| Untracked 
| 240|0x0000000712800000, 0x0000000712800000, 0x0000000712900000|  0%| F|  |TAMS 0x0000000712800000, 0x0000000712800000| Untracked 
| 241|0x0000000712900000, 0x0000000712900000, 0x0000000712a00000|  0%| F|  |TAMS 0x0000000712900000, 0x0000000712900000| Untracked 
| 242|0x0000000712a00000, 0x0000000712a00000, 0x0000000712b00000|  0%| F|  |TAMS 0x0000000712a00000, 0x0000000712a00000| Untracked 
| 243|0x0000000712b00000, 0x0000000712b00000, 0x0000000712c00000|  0%| F|  |TAMS 0x0000000712b00000, 0x0000000712b00000| Untracked 
| 244|0x0000000712c00000, 0x0000000712c00000, 0x0000000712d00000|  0%| F|  |TAMS 0x0000000712c00000, 0x0000000712c00000| Untracked 
| 245|0x0000000712d00000, 0x0000000712d00000, 0x0000000712e00000|  0%| F|  |TAMS 0x0000000712d00000, 0x0000000712d00000| Untracked 
| 246|0x0000000712e00000, 0x0000000712e00000, 0x0000000712f00000|  0%| F|  |TAMS 0x0000000712e00000, 0x0000000712e00000| Untracked 
| 247|0x0000000712f00000, 0x0000000712f80800, 0x0000000713000000| 50%| E|  |TAMS 0x0000000712f00000, 0x0000000712f00000| Complete 
| 248|0x0000000713000000, 0x0000000713100000, 0x0000000713100000|100%| E|CS|TAMS 0x0000000713000000, 0x0000000713000000| Complete 
| 249|0x0000000713100000, 0x0000000713200000, 0x0000000713200000|100%| E|CS|TAMS 0x0000000713100000, 0x0000000713100000| Complete 
| 250|0x0000000713200000, 0x0000000713300000, 0x0000000713300000|100%| E|CS|TAMS 0x0000000713200000, 0x0000000713200000| Complete 
| 251|0x0000000713300000, 0x0000000713400000, 0x0000000713400000|100%| E|CS|TAMS 0x0000000713300000, 0x0000000713300000| Complete 
| 252|0x0000000713400000, 0x0000000713500000, 0x0000000713500000|100%| E|CS|TAMS 0x0000000713400000, 0x0000000713400000| Complete 
| 253|0x0000000713500000, 0x0000000713600000, 0x0000000713600000|100%| E|CS|TAMS 0x0000000713500000, 0x0000000713500000| Complete 

Card table byte_map: [0x0000018b181b0000,0x0000018b189a0000] _byte_map_base: 0x0000018b14994000

Marking Bits (Prev, Next): (CMBitMap*) 0x0000018b7f828d30, (CMBitMap*) 0x0000018b7f828cf8
 Prev Bits: [0x0000018b1d0b0000, 0x0000018b20fd0000)
 Next Bits: [0x0000018b19190000, 0x0000018b1d0b0000)

Polling page: 0x0000018b7df90000

Metaspace:

Usage:
  Non-class:     18.49 MB capacity,    18.27 MB ( 99%) used,   204.77 KB (  1%) free+waste,    23.56 KB ( <1%) overhead. 
      Class:      2.32 MB capacity,     2.19 MB ( 94%) used,   127.05 KB (  5%) free+waste,     9.31 KB ( <1%) overhead. 
       Both:     20.81 MB capacity,    20.46 MB ( 98%) used,   331.81 KB (  2%) free+waste,    32.88 KB ( <1%) overhead. 

Virtual space:
  Non-class space:       20.00 MB reserved,      18.67 MB ( 93%) committed 
      Class space:        1.00 GB reserved,       2.38 MB ( <1%) committed 
             Both:        1.02 GB reserved,      21.05 MB (  2%) committed 

Chunk freelists:
   Non-Class:  1.13 KB
       Class:  2.63 KB
        Both:  3.75 KB

CodeHeap 'non-profiled nmethods': size=120000Kb used=1150Kb max_used=1150Kb free=118850Kb
 bounds [0x0000018b0fd20000, 0x0000018b0ff90000, 0x0000018b17250000]
CodeHeap 'profiled nmethods': size=120000Kb used=5887Kb max_used=5887Kb free=114112Kb
 bounds [0x0000018b087f0000, 0x0000018b08db0000, 0x0000018b0fd20000]
CodeHeap 'non-nmethods': size=5760Kb used=1124Kb max_used=1170Kb free=4635Kb
 bounds [0x0000018b08250000, 0x0000018b084c0000, 0x0000018b087f0000]
 total_blobs=3660 nmethods=2665 adapters=340
 compilation: enabled
              stopped_count=0, restarted_count=0
 full_count=0

Compilation events (10 events):
Event: 9.484 Thread 0x0000018b244a6800 2594       3       java.util.AbstractCollection::toArray (70 bytes)
Event: 9.484 Thread 0x0000018b244a6800 nmethod 2594 0x0000018b08d7ff10 code [0x0000018b08d80160, 0x0000018b08d80b70]
Event: 9.484 Thread 0x0000018b244a6800 2595       1       org.apache.maven.model.BuildBase::getDirectory (5 bytes)
Event: 9.484 Thread 0x0000018b244a6800 nmethod 2595 0x0000018b0fe39110 code [0x0000018b0fe392c0, 0x0000018b0fe393d8]
Event: 9.484 Thread 0x0000018b244a6800 2596       3       org.codehaus.plexus.interpolation.StringSearchInterpolator::removePostProcessor (12 bytes)
Event: 9.485 Thread 0x0000018b244a6800 nmethod 2596 0x0000018b08d80d90 code [0x0000018b08d80f60, 0x0000018b08d81190]
Event: 9.485 Thread 0x0000018b244a6800 2597   !   3       org.codehaus.plexus.interpolation.StringSearchInterpolator::interpolate (53 bytes)
Event: 9.485 Thread 0x0000018b244a6800 nmethod 2597 0x0000018b08d81290 code [0x0000018b08d814c0, 0x0000018b08d81cd0]
Event: 9.488 Thread 0x0000018b244a6800 2600       1       org.eclipse.aether.DefaultRepositorySystemSession::getLocalRepositoryManager (5 bytes)
Event: 9.488 Thread 0x0000018b244a6800 nmethod 2600 0x0000018b0fe39490 code [0x0000018b0fe39640, 0x0000018b0fe39758]

GC Heap History (4 events):
Event: 5.873 GC heap before
{Heap before GC invocations=0 (full 0):
 garbage-first heap   total 260096K, used 24576K [0x0000000703800000, 0x0000000800000000)
  region size 1024K, 24 young (24576K), 0 survivors (0K)
 Metaspace       used 13207K, capacity 13546K, committed 13824K, reserved 1060864K
  class space    used 1342K, capacity 1451K, committed 1536K, reserved 1048576K
}
Event: 5.931 GC heap after
{Heap after GC invocations=1 (full 0):
 garbage-first heap   total 260096K, used 3725K [0x0000000703800000, 0x0000000800000000)
  region size 1024K, 3 young (3072K), 3 survivors (3072K)
 Metaspace       used 13207K, capacity 13546K, committed 13824K, reserved 1060864K
  class space    used 1342K, capacity 1451K, committed 1536K, reserved 1048576K
}
Event: 9.241 GC heap before
{Heap before GC invocations=1 (full 0):
 garbage-first heap   total 260096K, used 61069K [0x0000000703800000, 0x0000000800000000)
  region size 1024K, 60 young (61440K), 3 survivors (3072K)
 Metaspace       used 20796K, capacity 21183K, committed 21296K, reserved 1069056K
  class space    used 2233K, capacity 2378K, committed 2432K, reserved 1048576K
}
Event: 9.256 GC heap after
{Heap after GC invocations=2 (full 0):
 garbage-first heap   total 260096K, used 7118K [0x0000000703800000, 0x0000000800000000)
  region size 1024K, 7 young (7168K), 7 survivors (7168K)
 Metaspace       used 20796K, capacity 21183K, committed 21296K, reserved 1069056K
  class space    used 2233K, capacity 2378K, committed 2432K, reserved 1048576K
}

Deoptimization events (10 events):
Event: 8.430 Thread 0x0000018b7f7c6000 Uncommon trap: reason=unstable_if action=reinterpret pc=0x0000018b0fd7da20 method=sun.nio.cs.UTF_8$Decoder.decodeArrayLoop(Ljava/nio/ByteBuffer;Ljava/nio/CharBuffer;)Ljava/nio/charset/CoderResult; @ 84 c2
Event: 8.541 Thread 0x0000018b7f7c6000 Uncommon trap: reason=unstable_if action=reinterpret pc=0x0000018b0fda5cd8 method=java.lang.String.replace(CC)Ljava/lang/String; @ 2 c2
Event: 8.822 Thread 0x0000018b7f7c6000 Uncommon trap: reason=unstable_if action=reinterpret pc=0x0000018b0fdf54e8 method=org.codehaus.plexus.util.xml.pull.MXParser.nextImpl()I @ 879 c2
Event: 8.924 Thread 0x0000018b7f7c6000 Uncommon trap: reason=unstable_if action=reinterpret pc=0x0000018b0fdc6970 method=java.util.HashMap.hash(Ljava/lang/Object;)I @ 1 c2
Event: 8.924 Thread 0x0000018b7f7c6000 Uncommon trap: reason=unstable_if action=reinterpret pc=0x0000018b0fdb92b8 method=java.util.HashMap.hash(Ljava/lang/Object;)I @ 1 c2
Event: 8.945 Thread 0x0000018b7f7c6000 Uncommon trap: reason=unstable_if action=reinterpret pc=0x0000018b0fe00774 method=org.codehaus.plexus.util.xml.pull.MXParser.nextImpl()I @ 310 c2
Event: 9.437 Thread 0x0000018b7f7c6000 Uncommon trap: reason=unstable_if action=reinterpret pc=0x0000018b0fe175a4 method=org.codehaus.plexus.util.xml.pull.MXParser.nextImpl()I @ 972 c2
Event: 9.437 Thread 0x0000018b7f7c6000 Uncommon trap: reason=unstable_if action=reinterpret pc=0x0000018b0fe19c10 method=java.lang.StringLatin1.trim([B)Ljava/lang/String; @ 60 c2
Event: 9.437 Thread 0x0000018b7f7c6000 Uncommon trap: reason=unstable_if action=reinterpret pc=0x0000018b0fe11908 method=java.lang.StringLatin1.trim([B)Ljava/lang/String; @ 60 c2
Event: 9.472 Thread 0x0000018b7f7c6000 Uncommon trap: reason=predicate action=maybe_recompile pc=0x0000018b0fe37238 method=java.util.AbstractCollection.toArray([Ljava/lang/Object;)[Ljava/lang/Object; @ 43 c2

Classes redefined (0 events):
No events

Internal exceptions (8 events):
Event: 0.455 Thread 0x0000018b7f7c6000 Exception <a 'java/lang/NoSuchMethodError'{0x00000007132d3688}: java.lang.invoke.DirectMethodHandle$Holder.invokeSpecialIFC(Ljava/lang/Object;Ljava/lang/Object;I)I> (0x00000007132d3688) thrown at [t:/workspace/open/src/hotspot/share/interpreter/linkResolv
Event: 0.586 Thread 0x0000018b7f7c6000 Exception <a 'java/lang/NoSuchMethodError'{0x00000007131db7f8}: java.lang.invoke.DirectMethodHandle$Holder.invokeStaticInit(Ljava/lang/Object;IIII)Ljava/lang/Object;> (0x00000007131db7f8) thrown at [t:/workspace/open/src/hotspot/share/interpreter/linkReso
Event: 4.056 Thread 0x0000018b7f7c6000 Exception <a 'java/lang/NoSuchMethodError'{0x00000007130ad878}: java.lang.invoke.DirectMethodHandle$Holder.invokeStaticInit(Ljava/lang/Object;Ljava/lang/Object;IIII)Ljava/lang/Object;> (0x00000007130ad878) thrown at [t:/workspace/open/src/hotspot/share/in
Event: 7.715 Thread 0x0000018b7f7c6000 Exception <a 'java/lang/NoClassDefFoundError'{0x0000000710f9c678}: com/google/inject/servlet/ServletModuleTargetVisitor> (0x0000000710f9c678) thrown at [t:/workspace/open/src/hotspot/share/classfile/systemDictionary.cpp, line 220]
Event: 7.715 Thread 0x0000018b7f7c6000 Exception <a 'java/lang/NoClassDefFoundError'{0x0000000710f9c678}> (0x0000000710f9c678) thrown at [t:/workspace/open/src/hotspot/share/prims/jvm.cpp, line 1312]
Event: 7.715 Thread 0x0000018b7f7c6000 Exception <a 'java/lang/NoClassDefFoundError'{0x0000000710f9f480}: javax/annotation/Priority> (0x0000000710f9f480) thrown at [t:/workspace/open/src/hotspot/share/classfile/systemDictionary.cpp, line 220]
Event: 8.924 Thread 0x0000018b7f7c6000 Implicit null exception at 0x0000018b0fdc6775 to 0x0000018b0fdc695e
Event: 8.924 Thread 0x0000018b7f7c6000 Implicit null exception at 0x0000018b0fdb922f to 0x0000018b0fdb92a9

Events (10 events):
Event: 9.437 Thread 0x0000018b7f7c6000 DEOPT UNPACKING pc=0x0000018b082791af sp=0x000000043a1fcc00 mode 2
Event: 9.437 Thread 0x0000018b7f7c6000 Uncommon trap: trap_request=0xffffff4d fr.pc=0x0000018b0fe11908 relative=0x0000000000000448
Event: 9.437 Thread 0x0000018b7f7c6000 DEOPT PACKING pc=0x0000018b0fe11908 sp=0x000000043a1fcc40
Event: 9.437 Thread 0x0000018b7f7c6000 DEOPT UNPACKING pc=0x0000018b082791af sp=0x000000043a1fcc08 mode 2
Event: 9.448 Thread 0x0000018b253fc000 Thread added: 0x0000018b253fc000
Event: 9.472 Thread 0x0000018b7f7c6000 Uncommon trap: trap_request=0xffffff7e fr.pc=0x0000018b0fe37238 relative=0x0000000000000918
Event: 9.472 Thread 0x0000018b7f7c6000 DEOPT PACKING pc=0x0000018b0fe37238 sp=0x000000043a1fc920
Event: 9.472 Thread 0x0000018b7f7c6000 DEOPT UNPACKING pc=0x0000018b082791af sp=0x000000043a1fc868 mode 2
Event: 9.496 Thread 0x0000018b7f7c6000 DEOPT PACKING pc=0x0000018b08cdf4ce sp=0x000000043a1fcd90
Event: 9.496 Thread 0x0000018b7f7c6000 DEOPT UNPACKING pc=0x0000018b08278fce sp=0x000000043a1fc2e8 mode 0


Dynamic libraries:
0x00007ff615d80000 - 0x00007ff615dc7000 	D:\Download\jdk-11\bin\java.exe
0x00007ffea6b10000 - 0x00007ffea6d05000 	C:\WINDOWS\SYSTEM32\ntdll.dll
0x00007ffea5890000 - 0x00007ffea594d000 	C:\WINDOWS\System32\KERNEL32.DLL
0x00007ffea4590000 - 0x00007ffea485d000 	C:\WINDOWS\System32\KERNELBASE.dll
0x00007ffea5e00000 - 0x00007ffea5eae000 	C:\WINDOWS\System32\ADVAPI32.dll
0x00007ffea5a00000 - 0x00007ffea5a9e000 	C:\WINDOWS\System32\msvcrt.dll
0x00007ffea6660000 - 0x00007ffea66fc000 	C:\WINDOWS\System32\sechost.dll
0x00007ffea6920000 - 0x00007ffea6a45000 	C:\WINDOWS\System32\RPCRT4.dll
0x00007ffea56f0000 - 0x00007ffea5890000 	C:\WINDOWS\System32\USER32.dll
0x00007ffea42d0000 - 0x00007ffea42f2000 	C:\WINDOWS\System32\win32u.dll
0x00007ffea5640000 - 0x00007ffea566a000 	C:\WINDOWS\System32\GDI32.dll
0x00007ffea4400000 - 0x00007ffea450b000 	C:\WINDOWS\System32\gdi32full.dll
0x00007ffea4ac0000 - 0x00007ffea4b5d000 	C:\WINDOWS\System32\msvcp_win.dll
0x00007ffea4300000 - 0x00007ffea4400000 	C:\WINDOWS\System32\ucrtbase.dll
0x00007ffe89810000 - 0x00007ffe89aaa000 	C:\WINDOWS\WinSxS\amd64_microsoft.windows.common-controls_6595b64144ccf1df_6.0.19041.1110_none_60b5254171f9507e\COMCTL32.dll
0x00007ffea3f70000 - 0x00007ffea3f7a000 	C:\WINDOWS\SYSTEM32\VERSION.dll
0x00007ffea56a0000 - 0x00007ffea56d0000 	C:\WINDOWS\System32\IMM32.DLL
0x0000000056ae0000 - 0x0000000056aec000 	C:\Program Files (x86)\360\360Safe\safemon\SafeWrapper.dll
0x00007ffe85340000 - 0x00007ffe853ec000 	C:\Program Files (x86)\360\360Safe\safemon\libzdtp64.dll
0x00007ffea5eb0000 - 0x00007ffea65f4000 	C:\WINDOWS\System32\SHELL32.dll
0x00007ffea54c0000 - 0x00007ffea5515000 	C:\WINDOWS\System32\SHLWAPI.dll
0x00007ffe9bfd0000 - 0x00007ffe9bfe6000 	D:\Download\jdk-11\bin\vcruntime140.dll
0x00007ffe969b0000 - 0x00007ffe96a5a000 	D:\Download\jdk-11\bin\msvcp140.dll
0x00007ffe5bc10000 - 0x00007ffe5c752000 	D:\Download\jdk-11\bin\server\jvm.dll
0x00007ffea5670000 - 0x00007ffea5678000 	C:\WINDOWS\System32\PSAPI.DLL
0x00007ffe84d00000 - 0x00007ffe84d09000 	C:\WINDOWS\SYSTEM32\WSOCK32.dll
0x00007ffe8cd40000 - 0x00007ffe8cd67000 	C:\WINDOWS\SYSTEM32\WINMM.dll
0x00007ffea6700000 - 0x00007ffea676b000 	C:\WINDOWS\System32\WS2_32.dll
0x00007ffea2a20000 - 0x00007ffea2a32000 	C:\WINDOWS\SYSTEM32\kernel.appcore.dll
0x00007ffe9a270000 - 0x00007ffe9a281000 	D:\Download\jdk-11\bin\verify.dll
0x00007ffe9ede0000 - 0x00007ffe9efc4000 	C:\WINDOWS\SYSTEM32\DBGHELP.DLL
0x00007ffe86300000 - 0x00007ffe8632c000 	C:\WINDOWS\SYSTEM32\dbgcore.DLL
0x00007ffea4a30000 - 0x00007ffea4ab2000 	C:\WINDOWS\System32\bcryptPrimitives.dll
0x00007ffe97210000 - 0x00007ffe97239000 	D:\Download\jdk-11\bin\java.dll
0x00007ffe972a0000 - 0x00007ffe972b6000 	D:\Download\jdk-11\bin\zip.dll
0x00007ffe9e0e0000 - 0x00007ffe9e0ea000 	D:\Download\jdk-11\bin\jimage.dll
0x00007ffea2280000 - 0x00007ffea2a14000 	C:\WINDOWS\SYSTEM32\windows.storage.dll
0x00007ffea5aa0000 - 0x00007ffea5df4000 	C:\WINDOWS\System32\combase.dll
0x00007ffea3c10000 - 0x00007ffea3c3c000 	C:\WINDOWS\SYSTEM32\Wldp.dll
0x00007ffea5950000 - 0x00007ffea59fd000 	C:\WINDOWS\System32\SHCORE.dll
0x00007ffea4160000 - 0x00007ffea417f000 	C:\WINDOWS\SYSTEM32\profapi.dll
0x00007ffe97270000 - 0x00007ffe97289000 	D:\Download\jdk-11\bin\net.dll
0x00007ffe9a470000 - 0x00007ffe9a57a000 	C:\WINDOWS\SYSTEM32\WINHTTP.dll
0x00007ffea3970000 - 0x00007ffea39da000 	C:\WINDOWS\system32\mswsock.dll
0x00007ffe96ea0000 - 0x00007ffe96eb3000 	D:\Download\jdk-11\bin\nio.dll
0x00007ffea3b60000 - 0x00007ffea3b78000 	C:\WINDOWS\SYSTEM32\CRYPTSP.dll
0x00007ffea3280000 - 0x00007ffea32b4000 	C:\WINDOWS\system32\rsaenh.dll
0x00007ffea4510000 - 0x00007ffea4537000 	C:\WINDOWS\System32\bcrypt.dll
0x00007ffea40e0000 - 0x00007ffea410e000 	C:\WINDOWS\SYSTEM32\USERENV.dll
0x00007ffea3b80000 - 0x00007ffea3b8c000 	C:\WINDOWS\SYSTEM32\CRYPTBASE.dll
0x00007ffea3610000 - 0x00007ffea364b000 	C:\WINDOWS\SYSTEM32\IPHLPAPI.DLL
0x00007ffea5690000 - 0x00007ffea5698000 	C:\WINDOWS\System32\NSI.dll
0x00007ffe96300000 - 0x00007ffe96317000 	C:\WINDOWS\SYSTEM32\dhcpcsvc6.DLL
0x00007ffe962e0000 - 0x00007ffe962fd000 	C:\WINDOWS\SYSTEM32\dhcpcsvc.DLL
0x00007ffea3650000 - 0x00007ffea371b000 	C:\WINDOWS\SYSTEM32\DNSAPI.dll
0x00007ffe8aef0000 - 0x00007ffe8aefa000 	C:\Users\86187\AppData\Local\Temp\jansi-1.16-9979751702162305099.dll
0x00007ffe809a0000 - 0x00007ffe809aa000 	C:\Users\86187\AppData\Local\Temp\jansi-1.16-8974888455085594697.dll

dbghelp: loaded successfully - version: 4.0.5 - missing functions: none
symbol engine: initialized successfully - sym options: 0x614 - pdb path: .;D:\Download\jdk-11\bin;C:\WINDOWS\SYSTEM32;C:\WINDOWS\WinSxS\amd64_microsoft.windows.common-controls_6595b64144ccf1df_6.0.19041.1110_none_60b5254171f9507e;C:\Program Files (x86)\360\360Safe\safemon;D:\Download\jdk-11\bin\server;C:\Users\86187\AppData\Local\Temp

VM Arguments:
jvm_args: -Dmaven.multiModuleProjectDirectory=D:\mySSM\spring_mvc_annotation -Dmaven.home=D:\Download\apache-maven-3.5.2-bin\apache-maven-3.5.2 -Dclassworlds.conf=D:\Download\apache-maven-3.5.2-bin\apache-maven-3.5.2\bin\m2.conf -Dmaven.ext.class.path=D:\Download\IntelliJ IDEA 2020.1\plugins\maven\lib\maven-event-listener.jar -Dfile.encoding=UTF-8 
java_command: org.codehaus.classworlds.Launcher -Didea.version2020.1 --update-snapshots -s D:\Download\apache-maven-3.5.2-bin\apache-maven-3.5.2\conf\settings.xml -Dmaven.repo.local=D:\Download\apache-maven-3.5.2-bin\maven_repository install
java_class_path (initial): D:\Download\apache-maven-3.5.2-bin\apache-maven-3.5.2\boot\plexus-classworlds-2.5.2.jar
Launcher Type: SUN_STANDARD

[Global flags]
     intx CICompilerCount                          = 4                                         {product} {ergonomic}
     uint ConcGCThreads                            = 2                                         {product} {ergonomic}
     uint G1ConcRefinementThreads                  = 8                                         {product} {ergonomic}
   size_t G1HeapRegionSize                         = 1048576                                   {product} {ergonomic}
    uintx GCDrainStackTargetSize                   = 64                                        {product} {ergonomic}
   size_t InitialHeapSize                          = 266338304                                 {product} {ergonomic}
   size_t MarkStackSize                            = 4194304                                   {product} {ergonomic}
   size_t MaxHeapSize                              = 4236247040                                {product} {ergonomic}
   size_t MaxNewSize                               = 2541748224                                {product} {ergonomic}
   size_t MinHeapDeltaBytes                        = 1048576                                   {product} {ergonomic}
    uintx NonNMethodCodeHeapSize                   = 5835340                                {pd product} {ergonomic}
    uintx NonProfiledCodeHeapSize                  = 122911450                              {pd product} {ergonomic}
    uintx ProfiledCodeHeapSize                     = 122911450                              {pd product} {ergonomic}
    uintx ReservedCodeCacheSize                    = 251658240                              {pd product} {ergonomic}
     bool SegmentedCodeCache                       = true                                      {product} {ergonomic}
     bool UseCompressedClassPointers               = true                                 {lp64_product} {ergonomic}
     bool UseCompressedOops                        = true                                 {lp64_product} {ergonomic}
     bool UseG1GC                                  = true                                      {product} {ergonomic}
     bool UseLargePagesIndividualAllocation        = false                                  {pd product} {ergonomic}

Logging:
Log output configuration:
 #0: stdout all=warning uptime,level,tags
 #1: stderr all=off uptime,level,tags

Environment Variables:
JAVA_HOME=D:\Download\jdk-11
PATH=D:\Download\oracle\product\11.2.0\dbhome_2\bin;D:\Download\oracle\product\11.2.0\dbhome_1\bin;D:\Download\oracle19c\bin;D:\Download\VMware16.0\bin\;D:\Download\jdk-11\bin；C:\Windows\system32;C:\Windows;C:\Windows\System32\Wbem;C:\Windows\System32\WindowsPowerShell\v1.0\;C:\Windows\System32\OpenSSH\;C:\Program Files (x86)\NVIDIA Corporation\PhysX\Common;C:\Program Files\NVIDIA Corporation\NVIDIA NvDLISR;C:\WINDOWS\system32;C:\WINDOWS;C:\WINDOWS\System32\Wbem;C:\WINDOWS\System32\WindowsPowerShell\v1.0\;D:\Download\jdk-11\bin；C:\WINDOWS\System32\OpenSSH\;C:\Program Files (x86)\QuickTime\QTSystem\;D:\BaiduNetdiskDownload\bin;C:\Program Files (x86)\Tencent\QQ\Bin;D:\Download\bin;D:\Download\mysql\bin;D:\Download\apache-maven-3.5.2-bin\apache-maven-3.5.2\bin;D:\Download\Node\;D:\Download\python3.10\Scripts\;D:\Download\python3.10\;C:\Users\86187\AppData\Local\Microsoft\WindowsApps;C:\Users\86187\AppData\Local\Microsoft\WindowsApps;D:\softdownload\PyCharm 2020.1\bin;;C:\Program Files (x86)\Tencent\QQGameTempest\Hall.57915\;D:\Download\IntelliJ IDEA 2020.1\bin;;C:\Users\86187\AppData\Roaming\npm
USERNAME=86187
OS=Windows_NT
PROCESSOR_IDENTIFIER=Intel64 Family 6 Model 126 Stepping 5, GenuineIntel



---------------  S Y S T E M  ---------------

OS: Windows 10 , 64 bit Build 19041 (10.0.19041.1706)

CPU:total 8 (initial active 8) (4 cores per cpu, 2 threads per core) family 6 model 126 stepping 5, cmov, cx8, fxsr, mmx, sse, sse2, sse3, ssse3, sse4.1, sse4.2, popcnt, avx, avx2, aes, clmul, erms, 3dnowpref, lzcnt, ht, tsc, tscinvbit, bmi1, bmi2, adx, sha, fma

Memory: 4k page, system-wide physical 16152M (5294M free)
TotalPageFile size 22310M (AvailPageFile size 330M)
current process WorkingSet (physical memory assigned to process): 155M, peak: 155M
current process commit charge ("private bytes"): 382M, peak: 382M

vm_info: Java HotSpot(TM) 64-Bit Server VM (11+28) for windows-amd64 JRE (11+28), built on Aug 23 2018 03:03:59 by "mach5one" with MS VC++ 15.5 (VS2017)

END.
